nohup: ignoring input
[Ideal_FP32 | Seed 0] Epoch 1/30 - Acc: 0.7515
[Ideal_FP32 | Seed 0] Epoch 2/30 - Acc: 0.8705
[Ideal_FP32 | Seed 0] Epoch 3/30 - Acc: 0.9013
[Ideal_FP32 | Seed 0] Epoch 4/30 - Acc: 0.9105
[Ideal_FP32 | Seed 0] Epoch 5/30 - Acc: 0.9196
[Ideal_FP32 | Seed 0] Epoch 6/30 - Acc: 0.9236
[Ideal_FP32 | Seed 0] Epoch 7/30 - Acc: 0.9273
[Ideal_FP32 | Seed 0] Epoch 8/30 - Acc: 0.9325
[Ideal_FP32 | Seed 0] Epoch 9/30 - Acc: 0.9369
[Ideal_FP32 | Seed 0] Epoch 10/30 - Acc: 0.9401
[Ideal_FP32 | Seed 0] Epoch 11/30 - Acc: 0.9398
[Ideal_FP32 | Seed 0] Epoch 12/30 - Acc: 0.9448
[Ideal_FP32 | Seed 0] Epoch 13/30 - Acc: 0.9452
[Ideal_FP32 | Seed 0] Epoch 14/30 - Acc: 0.9480
[Ideal_FP32 | Seed 0] Epoch 15/30 - Acc: 0.9490
[Ideal_FP32 | Seed 0] Epoch 16/30 - Acc: 0.9480
[Ideal_FP32 | Seed 0] Epoch 17/30 - Acc: 0.9503
[Ideal_FP32 | Seed 0] Epoch 18/30 - Acc: 0.9495
[Ideal_FP32 | Seed 0] Epoch 19/30 - Acc: 0.9532
[Ideal_FP32 | Seed 0] Epoch 20/30 - Acc: 0.9532
[Ideal_FP32 | Seed 0] Epoch 21/30 - Acc: 0.9547
[Ideal_FP32 | Seed 0] Epoch 22/30 - Acc: 0.9545
[Ideal_FP32 | Seed 0] Epoch 23/30 - Acc: 0.9560
[Ideal_FP32 | Seed 0] Epoch 24/30 - Acc: 0.9553
[Ideal_FP32 | Seed 0] Epoch 25/30 - Acc: 0.9571
[Ideal_FP32 | Seed 0] Epoch 26/30 - Acc: 0.9567
[Ideal_FP32 | Seed 0] Epoch 27/30 - Acc: 0.9595
[Ideal_FP32 | Seed 0] Epoch 28/30 - Acc: 0.9576
[Ideal_FP32 | Seed 0] Epoch 29/30 - Acc: 0.9597
[Ideal_FP32 | Seed 0] Epoch 30/30 - Acc: 0.9594
[Ideal_FP32 | Seed 1] Epoch 1/30 - Acc: 0.8078
[Ideal_FP32 | Seed 1] Epoch 2/30 - Acc: 0.8772
[Ideal_FP32 | Seed 1] Epoch 3/30 - Acc: 0.9008
[Ideal_FP32 | Seed 1] Epoch 4/30 - Acc: 0.9127
[Ideal_FP32 | Seed 1] Epoch 5/30 - Acc: 0.9223
[Ideal_FP32 | Seed 1] Epoch 6/30 - Acc: 0.9272
[Ideal_FP32 | Seed 1] Epoch 7/30 - Acc: 0.9302
[Ideal_FP32 | Seed 1] Epoch 8/30 - Acc: 0.9346
[Ideal_FP32 | Seed 1] Epoch 9/30 - Acc: 0.9382
[Ideal_FP32 | Seed 1] Epoch 10/30 - Acc: 0.9405
[Ideal_FP32 | Seed 1] Epoch 11/30 - Acc: 0.9419
[Ideal_FP32 | Seed 1] Epoch 12/30 - Acc: 0.9444
[Ideal_FP32 | Seed 1] Epoch 13/30 - Acc: 0.9465
[Ideal_FP32 | Seed 1] Epoch 14/30 - Acc: 0.9492
[Ideal_FP32 | Seed 1] Epoch 15/30 - Acc: 0.9503
[Ideal_FP32 | Seed 1] Epoch 16/30 - Acc: 0.9537
[Ideal_FP32 | Seed 1] Epoch 17/30 - Acc: 0.9523
[Ideal_FP32 | Seed 1] Epoch 18/30 - Acc: 0.9540
[Ideal_FP32 | Seed 1] Epoch 19/30 - Acc: 0.9548
[Ideal_FP32 | Seed 1] Epoch 20/30 - Acc: 0.9560
[Ideal_FP32 | Seed 1] Epoch 21/30 - Acc: 0.9556
[Ideal_FP32 | Seed 1] Epoch 22/30 - Acc: 0.9561
[Ideal_FP32 | Seed 1] Epoch 23/30 - Acc: 0.9568
[Ideal_FP32 | Seed 1] Epoch 24/30 - Acc: 0.9586
[Ideal_FP32 | Seed 1] Epoch 25/30 - Acc: 0.9578
[Ideal_FP32 | Seed 1] Epoch 26/30 - Acc: 0.9582
[Ideal_FP32 | Seed 1] Epoch 27/30 - Acc: 0.9598
[Ideal_FP32 | Seed 1] Epoch 28/30 - Acc: 0.9593
[Ideal_FP32 | Seed 1] Epoch 29/30 - Acc: 0.9605
[Ideal_FP32 | Seed 1] Epoch 30/30 - Acc: 0.9609
[Ideal_FP32 | Seed 2] Epoch 1/30 - Acc: 0.7415
[Ideal_FP32 | Seed 2] Epoch 2/30 - Acc: 0.7947
[Ideal_FP32 | Seed 2] Epoch 3/30 - Acc: 0.8167
[Ideal_FP32 | Seed 2] Epoch 4/30 - Acc: 0.8259
[Ideal_FP32 | Seed 2] Epoch 5/30 - Acc: 0.8318
[Ideal_FP32 | Seed 2] Epoch 6/30 - Acc: 0.8362
[Ideal_FP32 | Seed 2] Epoch 7/30 - Acc: 0.8414
[Ideal_FP32 | Seed 2] Epoch 8/30 - Acc: 0.8419
[Ideal_FP32 | Seed 2] Epoch 9/30 - Acc: 0.8447
[Ideal_FP32 | Seed 2] Epoch 10/30 - Acc: 0.8471
[Ideal_FP32 | Seed 2] Epoch 11/30 - Acc: 0.8508
[Ideal_FP32 | Seed 2] Epoch 12/30 - Acc: 0.8527
[Ideal_FP32 | Seed 2] Epoch 13/30 - Acc: 0.8523
[Ideal_FP32 | Seed 2] Epoch 14/30 - Acc: 0.8546
[Ideal_FP32 | Seed 2] Epoch 15/30 - Acc: 0.8541
[Ideal_FP32 | Seed 2] Epoch 16/30 - Acc: 0.8585
[Ideal_FP32 | Seed 2] Epoch 17/30 - Acc: 0.9331
[Ideal_FP32 | Seed 2] Epoch 18/30 - Acc: 0.9485
[Ideal_FP32 | Seed 2] Epoch 19/30 - Acc: 0.9509
[Ideal_FP32 | Seed 2] Epoch 20/30 - Acc: 0.9515
[Ideal_FP32 | Seed 2] Epoch 21/30 - Acc: 0.9540
[Ideal_FP32 | Seed 2] Epoch 22/30 - Acc: 0.9549
[Ideal_FP32 | Seed 2] Epoch 23/30 - Acc: 0.9547
[Ideal_FP32 | Seed 2] Epoch 24/30 - Acc: 0.9557
[Ideal_FP32 | Seed 2] Epoch 25/30 - Acc: 0.9576
[Ideal_FP32 | Seed 2] Epoch 26/30 - Acc: 0.9569
[Ideal_FP32 | Seed 2] Epoch 27/30 - Acc: 0.9587
[Ideal_FP32 | Seed 2] Epoch 28/30 - Acc: 0.9582
[Ideal_FP32 | Seed 2] Epoch 29/30 - Acc: 0.9572
[Ideal_FP32 | Seed 2] Epoch 30/30 - Acc: 0.9597
[Ideal_FP32 | Seed 3] Epoch 1/30 - Acc: 0.7600
[Ideal_FP32 | Seed 3] Epoch 2/30 - Acc: 0.8098
[Ideal_FP32 | Seed 3] Epoch 3/30 - Acc: 0.8224
[Ideal_FP32 | Seed 3] Epoch 4/30 - Acc: 0.8336
[Ideal_FP32 | Seed 3] Epoch 5/30 - Acc: 0.8387
[Ideal_FP32 | Seed 3] Epoch 6/30 - Acc: 0.8439
[Ideal_FP32 | Seed 3] Epoch 7/30 - Acc: 0.8457
[Ideal_FP32 | Seed 3] Epoch 8/30 - Acc: 0.8477
[Ideal_FP32 | Seed 3] Epoch 9/30 - Acc: 0.9337
[Ideal_FP32 | Seed 3] Epoch 10/30 - Acc: 0.9379
[Ideal_FP32 | Seed 3] Epoch 11/30 - Acc: 0.9403
[Ideal_FP32 | Seed 3] Epoch 12/30 - Acc: 0.9452
[Ideal_FP32 | Seed 3] Epoch 13/30 - Acc: 0.9459
[Ideal_FP32 | Seed 3] Epoch 14/30 - Acc: 0.9465
[Ideal_FP32 | Seed 3] Epoch 15/30 - Acc: 0.9480
[Ideal_FP32 | Seed 3] Epoch 16/30 - Acc: 0.9496
[Ideal_FP32 | Seed 3] Epoch 17/30 - Acc: 0.9510
[Ideal_FP32 | Seed 3] Epoch 18/30 - Acc: 0.9524
[Ideal_FP32 | Seed 3] Epoch 19/30 - Acc: 0.9550
[Ideal_FP32 | Seed 3] Epoch 20/30 - Acc: 0.9551
[Ideal_FP32 | Seed 3] Epoch 21/30 - Acc: 0.9554
[Ideal_FP32 | Seed 3] Epoch 22/30 - Acc: 0.9556
[Ideal_FP32 | Seed 3] Epoch 23/30 - Acc: 0.9582
[Ideal_FP32 | Seed 3] Epoch 24/30 - Acc: 0.9576
[Ideal_FP32 | Seed 3] Epoch 25/30 - Acc: 0.9597
[Ideal_FP32 | Seed 3] Epoch 26/30 - Acc: 0.9591
[Ideal_FP32 | Seed 3] Epoch 27/30 - Acc: 0.9592
[Ideal_FP32 | Seed 3] Epoch 28/30 - Acc: 0.9598
[Ideal_FP32 | Seed 3] Epoch 29/30 - Acc: 0.9604
[Ideal_FP32 | Seed 3] Epoch 30/30 - Acc: 0.9617
[Ideal_FP32 | Seed 4] Epoch 1/30 - Acc: 0.7955
[Ideal_FP32 | Seed 4] Epoch 2/30 - Acc: 0.8752
[Ideal_FP32 | Seed 4] Epoch 3/30 - Acc: 0.8966
[Ideal_FP32 | Seed 4] Epoch 4/30 - Acc: 0.9106
[Ideal_FP32 | Seed 4] Epoch 5/30 - Acc: 0.9159
[Ideal_FP32 | Seed 4] Epoch 6/30 - Acc: 0.9241
[Ideal_FP32 | Seed 4] Epoch 7/30 - Acc: 0.9286
[Ideal_FP32 | Seed 4] Epoch 8/30 - Acc: 0.9336
[Ideal_FP32 | Seed 4] Epoch 9/30 - Acc: 0.9348
[Ideal_FP32 | Seed 4] Epoch 10/30 - Acc: 0.9393
[Ideal_FP32 | Seed 4] Epoch 11/30 - Acc: 0.9431
[Ideal_FP32 | Seed 4] Epoch 12/30 - Acc: 0.9460
[Ideal_FP32 | Seed 4] Epoch 13/30 - Acc: 0.9462
[Ideal_FP32 | Seed 4] Epoch 14/30 - Acc: 0.9491
[Ideal_FP32 | Seed 4] Epoch 15/30 - Acc: 0.9501
[Ideal_FP32 | Seed 4] Epoch 16/30 - Acc: 0.9503
[Ideal_FP32 | Seed 4] Epoch 17/30 - Acc: 0.9533
[Ideal_FP32 | Seed 4] Epoch 18/30 - Acc: 0.9544
[Ideal_FP32 | Seed 4] Epoch 19/30 - Acc: 0.9530
[Ideal_FP32 | Seed 4] Epoch 20/30 - Acc: 0.9544
[Ideal_FP32 | Seed 4] Epoch 21/30 - Acc: 0.9571
[Ideal_FP32 | Seed 4] Epoch 22/30 - Acc: 0.9575
[Ideal_FP32 | Seed 4] Epoch 23/30 - Acc: 0.9582
[Ideal_FP32 | Seed 4] Epoch 24/30 - Acc: 0.9580
[Ideal_FP32 | Seed 4] Epoch 25/30 - Acc: 0.9609
[Ideal_FP32 | Seed 4] Epoch 26/30 - Acc: 0.9596
[Ideal_FP32 | Seed 4] Epoch 27/30 - Acc: 0.9613
[Ideal_FP32 | Seed 4] Epoch 28/30 - Acc: 0.9609
[Ideal_FP32 | Seed 4] Epoch 29/30 - Acc: 0.9612
[Ideal_FP32 | Seed 4] Epoch 30/30 - Acc: 0.9615
[Linear_Quant | Seed 0] Epoch 1/30 - Acc: 0.7449
[Linear_Quant | Seed 0] Epoch 2/30 - Acc: 0.8701
[Linear_Quant | Seed 0] Epoch 3/30 - Acc: 0.9005
[Linear_Quant | Seed 0] Epoch 4/30 - Acc: 0.9117
[Linear_Quant | Seed 0] Epoch 5/30 - Acc: 0.9186
[Linear_Quant | Seed 0] Epoch 6/30 - Acc: 0.9232
[Linear_Quant | Seed 0] Epoch 7/30 - Acc: 0.9293
[Linear_Quant | Seed 0] Epoch 8/30 - Acc: 0.9332
[Linear_Quant | Seed 0] Epoch 9/30 - Acc: 0.9355
[Linear_Quant | Seed 0] Epoch 10/30 - Acc: 0.9400
[Linear_Quant | Seed 0] Epoch 11/30 - Acc: 0.9383
[Linear_Quant | Seed 0] Epoch 12/30 - Acc: 0.9423
[Linear_Quant | Seed 0] Epoch 13/30 - Acc: 0.9448
[Linear_Quant | Seed 0] Epoch 14/30 - Acc: 0.9453
[Linear_Quant | Seed 0] Epoch 15/30 - Acc: 0.9473
[Linear_Quant | Seed 0] Epoch 16/30 - Acc: 0.9476
[Linear_Quant | Seed 0] Epoch 17/30 - Acc: 0.9473
[Linear_Quant | Seed 0] Epoch 18/30 - Acc: 0.9476
[Linear_Quant | Seed 0] Epoch 19/30 - Acc: 0.9481
[Linear_Quant | Seed 0] Epoch 20/30 - Acc: 0.9502
[Linear_Quant | Seed 0] Epoch 21/30 - Acc: 0.9534
[Linear_Quant | Seed 0] Epoch 22/30 - Acc: 0.9525
[Linear_Quant | Seed 0] Epoch 23/30 - Acc: 0.9533
[Linear_Quant | Seed 0] Epoch 24/30 - Acc: 0.9534
[Linear_Quant | Seed 0] Epoch 25/30 - Acc: 0.9546
[Linear_Quant | Seed 0] Epoch 26/30 - Acc: 0.9544
[Linear_Quant | Seed 0] Epoch 27/30 - Acc: 0.9541
[Linear_Quant | Seed 0] Epoch 28/30 - Acc: 0.9563
[Linear_Quant | Seed 0] Epoch 29/30 - Acc: 0.9558
[Linear_Quant | Seed 0] Epoch 30/30 - Acc: 0.9559
[Linear_Quant | Seed 1] Epoch 1/30 - Acc: 0.8086
[Linear_Quant | Seed 1] Epoch 2/30 - Acc: 0.8781
[Linear_Quant | Seed 1] Epoch 3/30 - Acc: 0.8976
[Linear_Quant | Seed 1] Epoch 4/30 - Acc: 0.9111
[Linear_Quant | Seed 1] Epoch 5/30 - Acc: 0.9212
[Linear_Quant | Seed 1] Epoch 6/30 - Acc: 0.9276
[Linear_Quant | Seed 1] Epoch 7/30 - Acc: 0.9279
[Linear_Quant | Seed 1] Epoch 8/30 - Acc: 0.9342
[Linear_Quant | Seed 1] Epoch 9/30 - Acc: 0.9390
[Linear_Quant | Seed 1] Epoch 10/30 - Acc: 0.9375
[Linear_Quant | Seed 1] Epoch 11/30 - Acc: 0.9396
[Linear_Quant | Seed 1] Epoch 12/30 - Acc: 0.9433
[Linear_Quant | Seed 1] Epoch 13/30 - Acc: 0.9424
[Linear_Quant | Seed 1] Epoch 14/30 - Acc: 0.9472
[Linear_Quant | Seed 1] Epoch 15/30 - Acc: 0.9480
[Linear_Quant | Seed 1] Epoch 16/30 - Acc: 0.9510
[Linear_Quant | Seed 1] Epoch 17/30 - Acc: 0.9510
[Linear_Quant | Seed 1] Epoch 18/30 - Acc: 0.9508
[Linear_Quant | Seed 1] Epoch 19/30 - Acc: 0.9500
[Linear_Quant | Seed 1] Epoch 20/30 - Acc: 0.9527
[Linear_Quant | Seed 1] Epoch 21/30 - Acc: 0.9540
[Linear_Quant | Seed 1] Epoch 22/30 - Acc: 0.9554
[Linear_Quant | Seed 1] Epoch 23/30 - Acc: 0.9561
[Linear_Quant | Seed 1] Epoch 24/30 - Acc: 0.9549
[Linear_Quant | Seed 1] Epoch 25/30 - Acc: 0.9557
[Linear_Quant | Seed 1] Epoch 26/30 - Acc: 0.9567
[Linear_Quant | Seed 1] Epoch 27/30 - Acc: 0.9578
[Linear_Quant | Seed 1] Epoch 28/30 - Acc: 0.9580
[Linear_Quant | Seed 1] Epoch 29/30 - Acc: 0.9590
[Linear_Quant | Seed 1] Epoch 30/30 - Acc: 0.9574
[Linear_Quant | Seed 2] Epoch 1/30 - Acc: 0.7423
[Linear_Quant | Seed 2] Epoch 2/30 - Acc: 0.7940
[Linear_Quant | Seed 2] Epoch 3/30 - Acc: 0.8143
[Linear_Quant | Seed 2] Epoch 4/30 - Acc: 0.8263
[Linear_Quant | Seed 2] Epoch 5/30 - Acc: 0.8309
[Linear_Quant | Seed 2] Epoch 6/30 - Acc: 0.8355
[Linear_Quant | Seed 2] Epoch 7/30 - Acc: 0.8401
[Linear_Quant | Seed 2] Epoch 8/30 - Acc: 0.8425
[Linear_Quant | Seed 2] Epoch 9/30 - Acc: 0.8452
[Linear_Quant | Seed 2] Epoch 10/30 - Acc: 0.8482
[Linear_Quant | Seed 2] Epoch 11/30 - Acc: 0.8510
[Linear_Quant | Seed 2] Epoch 12/30 - Acc: 0.8509
[Linear_Quant | Seed 2] Epoch 13/30 - Acc: 0.8518
[Linear_Quant | Seed 2] Epoch 14/30 - Acc: 0.9239
[Linear_Quant | Seed 2] Epoch 15/30 - Acc: 0.9421
[Linear_Quant | Seed 2] Epoch 16/30 - Acc: 0.9482
[Linear_Quant | Seed 2] Epoch 17/30 - Acc: 0.9500
[Linear_Quant | Seed 2] Epoch 18/30 - Acc: 0.9512
[Linear_Quant | Seed 2] Epoch 19/30 - Acc: 0.9501
[Linear_Quant | Seed 2] Epoch 20/30 - Acc: 0.9514
[Linear_Quant | Seed 2] Epoch 21/30 - Acc: 0.9535
[Linear_Quant | Seed 2] Epoch 22/30 - Acc: 0.9524
[Linear_Quant | Seed 2] Epoch 23/30 - Acc: 0.9548
[Linear_Quant | Seed 2] Epoch 24/30 - Acc: 0.9539
[Linear_Quant | Seed 2] Epoch 25/30 - Acc: 0.9570
[Linear_Quant | Seed 2] Epoch 26/30 - Acc: 0.9570
[Linear_Quant | Seed 2] Epoch 27/30 - Acc: 0.9564
[Linear_Quant | Seed 2] Epoch 28/30 - Acc: 0.9575
[Linear_Quant | Seed 2] Epoch 29/30 - Acc: 0.9550
[Linear_Quant | Seed 2] Epoch 30/30 - Acc: 0.9570
[Linear_Quant | Seed 3] Epoch 1/30 - Acc: 0.7563
[Linear_Quant | Seed 3] Epoch 2/30 - Acc: 0.8107
[Linear_Quant | Seed 3] Epoch 3/30 - Acc: 0.8253
[Linear_Quant | Seed 3] Epoch 4/30 - Acc: 0.8335
[Linear_Quant | Seed 3] Epoch 5/30 - Acc: 0.8392
[Linear_Quant | Seed 3] Epoch 6/30 - Acc: 0.8439
[Linear_Quant | Seed 3] Epoch 7/30 - Acc: 0.8438
[Linear_Quant | Seed 3] Epoch 8/30 - Acc: 0.8480
[Linear_Quant | Seed 3] Epoch 9/30 - Acc: 0.8511
[Linear_Quant | Seed 3] Epoch 10/30 - Acc: 0.9337
[Linear_Quant | Seed 3] Epoch 11/30 - Acc: 0.9382
[Linear_Quant | Seed 3] Epoch 12/30 - Acc: 0.9403
[Linear_Quant | Seed 3] Epoch 13/30 - Acc: 0.9439
[Linear_Quant | Seed 3] Epoch 14/30 - Acc: 0.9437
[Linear_Quant | Seed 3] Epoch 15/30 - Acc: 0.9481
[Linear_Quant | Seed 3] Epoch 16/30 - Acc: 0.9447
[Linear_Quant | Seed 3] Epoch 17/30 - Acc: 0.9500
[Linear_Quant | Seed 3] Epoch 18/30 - Acc: 0.9490
[Linear_Quant | Seed 3] Epoch 19/30 - Acc: 0.9514
[Linear_Quant | Seed 3] Epoch 20/30 - Acc: 0.9523
[Linear_Quant | Seed 3] Epoch 21/30 - Acc: 0.9512
[Linear_Quant | Seed 3] Epoch 22/30 - Acc: 0.9518
[Linear_Quant | Seed 3] Epoch 23/30 - Acc: 0.9548
[Linear_Quant | Seed 3] Epoch 24/30 - Acc: 0.9539
[Linear_Quant | Seed 3] Epoch 25/30 - Acc: 0.9543
[Linear_Quant | Seed 3] Epoch 26/30 - Acc: 0.9562
[Linear_Quant | Seed 3] Epoch 27/30 - Acc: 0.9552
[Linear_Quant | Seed 3] Epoch 28/30 - Acc: 0.9556
[Linear_Quant | Seed 3] Epoch 29/30 - Acc: 0.9586
[Linear_Quant | Seed 3] Epoch 30/30 - Acc: 0.9575
[Linear_Quant | Seed 4] Epoch 1/30 - Acc: 0.7977
[Linear_Quant | Seed 4] Epoch 2/30 - Acc: 0.8753
[Linear_Quant | Seed 4] Epoch 3/30 - Acc: 0.8946
[Linear_Quant | Seed 4] Epoch 4/30 - Acc: 0.9102
[Linear_Quant | Seed 4] Epoch 5/30 - Acc: 0.9144
[Linear_Quant | Seed 4] Epoch 6/30 - Acc: 0.9229
[Linear_Quant | Seed 4] Epoch 7/30 - Acc: 0.9253
[Linear_Quant | Seed 4] Epoch 8/30 - Acc: 0.9332
[Linear_Quant | Seed 4] Epoch 9/30 - Acc: 0.9328
[Linear_Quant | Seed 4] Epoch 10/30 - Acc: 0.9372
[Linear_Quant | Seed 4] Epoch 11/30 - Acc: 0.9416
[Linear_Quant | Seed 4] Epoch 12/30 - Acc: 0.9424
[Linear_Quant | Seed 4] Epoch 13/30 - Acc: 0.9446
[Linear_Quant | Seed 4] Epoch 14/30 - Acc: 0.9443
[Linear_Quant | Seed 4] Epoch 15/30 - Acc: 0.9465
[Linear_Quant | Seed 4] Epoch 16/30 - Acc: 0.9487
[Linear_Quant | Seed 4] Epoch 17/30 - Acc: 0.9493
[Linear_Quant | Seed 4] Epoch 18/30 - Acc: 0.9512
[Linear_Quant | Seed 4] Epoch 19/30 - Acc: 0.9507
[Linear_Quant | Seed 4] Epoch 20/30 - Acc: 0.9526
[Linear_Quant | Seed 4] Epoch 21/30 - Acc: 0.9546
[Linear_Quant | Seed 4] Epoch 22/30 - Acc: 0.9538
[Linear_Quant | Seed 4] Epoch 23/30 - Acc: 0.9545
[Linear_Quant | Seed 4] Epoch 24/30 - Acc: 0.9539
[Linear_Quant | Seed 4] Epoch 25/30 - Acc: 0.9562
[Linear_Quant | Seed 4] Epoch 26/30 - Acc: 0.9557
[Linear_Quant | Seed 4] Epoch 27/30 - Acc: 0.9572
[Linear_Quant | Seed 4] Epoch 28/30 - Acc: 0.9570
[Linear_Quant | Seed 4] Epoch 29/30 - Acc: 0.9571
[Linear_Quant | Seed 4] Epoch 30/30 - Acc: 0.9586
[HfO2_Physics | Seed 0] Epoch 1/30 - Acc: 0.6641
[HfO2_Physics | Seed 0] Epoch 2/30 - Acc: 0.8476
[HfO2_Physics | Seed 0] Epoch 3/30 - Acc: 0.8864
[HfO2_Physics | Seed 0] Epoch 4/30 - Acc: 0.9015
[HfO2_Physics | Seed 0] Epoch 5/30 - Acc: 0.9100
[HfO2_Physics | Seed 0] Epoch 6/30 - Acc: 0.9168
[HfO2_Physics | Seed 0] Epoch 7/30 - Acc: 0.9180
[HfO2_Physics | Seed 0] Epoch 8/30 - Acc: 0.9262
[HfO2_Physics | Seed 0] Epoch 9/30 - Acc: 0.9286
[HfO2_Physics | Seed 0] Epoch 10/30 - Acc: 0.9335
[HfO2_Physics | Seed 0] Epoch 11/30 - Acc: 0.9350
[HfO2_Physics | Seed 0] Epoch 12/30 - Acc: 0.9366
[HfO2_Physics | Seed 0] Epoch 13/30 - Acc: 0.9382
[HfO2_Physics | Seed 0] Epoch 14/30 - Acc: 0.9408
[HfO2_Physics | Seed 0] Epoch 15/30 - Acc: 0.9401
[HfO2_Physics | Seed 0] Epoch 16/30 - Acc: 0.9422
[HfO2_Physics | Seed 0] Epoch 17/30 - Acc: 0.9441
[HfO2_Physics | Seed 0] Epoch 18/30 - Acc: 0.9435
[HfO2_Physics | Seed 0] Epoch 19/30 - Acc: 0.9428
[HfO2_Physics | Seed 0] Epoch 20/30 - Acc: 0.9459
[HfO2_Physics | Seed 0] Epoch 21/30 - Acc: 0.9471
[HfO2_Physics | Seed 0] Epoch 22/30 - Acc: 0.9495
[HfO2_Physics | Seed 0] Epoch 23/30 - Acc: 0.9506
[HfO2_Physics | Seed 0] Epoch 24/30 - Acc: 0.9508
[HfO2_Physics | Seed 0] Epoch 25/30 - Acc: 0.9510
[HfO2_Physics | Seed 0] Epoch 26/30 - Acc: 0.9513
[HfO2_Physics | Seed 0] Epoch 27/30 - Acc: 0.9511
[HfO2_Physics | Seed 0] Epoch 28/30 - Acc: 0.9504
[HfO2_Physics | Seed 0] Epoch 29/30 - Acc: 0.9549
[HfO2_Physics | Seed 0] Epoch 30/30 - Acc: 0.9553
[HfO2_Physics | Seed 1] Epoch 1/30 - Acc: 0.7671
[HfO2_Physics | Seed 1] Epoch 2/30 - Acc: 0.8557
[HfO2_Physics | Seed 1] Epoch 3/30 - Acc: 0.8833
[HfO2_Physics | Seed 1] Epoch 4/30 - Acc: 0.8993
[HfO2_Physics | Seed 1] Epoch 5/30 - Acc: 0.9138
[HfO2_Physics | Seed 1] Epoch 6/30 - Acc: 0.9204
[HfO2_Physics | Seed 1] Epoch 7/30 - Acc: 0.9231
[HfO2_Physics | Seed 1] Epoch 8/30 - Acc: 0.9285
[HfO2_Physics | Seed 1] Epoch 9/30 - Acc: 0.9317
[HfO2_Physics | Seed 1] Epoch 10/30 - Acc: 0.9326
[HfO2_Physics | Seed 1] Epoch 11/30 - Acc: 0.9357
[HfO2_Physics | Seed 1] Epoch 12/30 - Acc: 0.9397
[HfO2_Physics | Seed 1] Epoch 13/30 - Acc: 0.9401
[HfO2_Physics | Seed 1] Epoch 14/30 - Acc: 0.9429
[HfO2_Physics | Seed 1] Epoch 15/30 - Acc: 0.9438
[HfO2_Physics | Seed 1] Epoch 16/30 - Acc: 0.9460
[HfO2_Physics | Seed 1] Epoch 17/30 - Acc: 0.9455
[HfO2_Physics | Seed 1] Epoch 18/30 - Acc: 0.9454
[HfO2_Physics | Seed 1] Epoch 19/30 - Acc: 0.9502
[HfO2_Physics | Seed 1] Epoch 20/30 - Acc: 0.9478
[HfO2_Physics | Seed 1] Epoch 21/30 - Acc: 0.9507
[HfO2_Physics | Seed 1] Epoch 22/30 - Acc: 0.9502
[HfO2_Physics | Seed 1] Epoch 23/30 - Acc: 0.9514
[HfO2_Physics | Seed 1] Epoch 24/30 - Acc: 0.9509
[HfO2_Physics | Seed 1] Epoch 25/30 - Acc: 0.9535
[HfO2_Physics | Seed 1] Epoch 26/30 - Acc: 0.9536
[HfO2_Physics | Seed 1] Epoch 27/30 - Acc: 0.9546
[HfO2_Physics | Seed 1] Epoch 28/30 - Acc: 0.9546
[HfO2_Physics | Seed 1] Epoch 29/30 - Acc: 0.9554
[HfO2_Physics | Seed 1] Epoch 30/30 - Acc: 0.9548
[HfO2_Physics | Seed 2] Epoch 1/30 - Acc: 0.6954
[HfO2_Physics | Seed 2] Epoch 2/30 - Acc: 0.7759
[HfO2_Physics | Seed 2] Epoch 3/30 - Acc: 0.8043
[HfO2_Physics | Seed 2] Epoch 4/30 - Acc: 0.8151
[HfO2_Physics | Seed 2] Epoch 5/30 - Acc: 0.8263
[HfO2_Physics | Seed 2] Epoch 6/30 - Acc: 0.8307
[HfO2_Physics | Seed 2] Epoch 7/30 - Acc: 0.8358
[HfO2_Physics | Seed 2] Epoch 8/30 - Acc: 0.8371
[HfO2_Physics | Seed 2] Epoch 9/30 - Acc: 0.8417
[HfO2_Physics | Seed 2] Epoch 10/30 - Acc: 0.8432
[HfO2_Physics | Seed 2] Epoch 11/30 - Acc: 0.8467
[HfO2_Physics | Seed 2] Epoch 12/30 - Acc: 0.8483
[HfO2_Physics | Seed 2] Epoch 13/30 - Acc: 0.8499
[HfO2_Physics | Seed 2] Epoch 14/30 - Acc: 0.8500
[HfO2_Physics | Seed 2] Epoch 15/30 - Acc: 0.8538
[HfO2_Physics | Seed 2] Epoch 16/30 - Acc: 0.8536
[HfO2_Physics | Seed 2] Epoch 17/30 - Acc: 0.8560
[HfO2_Physics | Seed 2] Epoch 18/30 - Acc: 0.8558
[HfO2_Physics | Seed 2] Epoch 19/30 - Acc: 0.8566
[HfO2_Physics | Seed 2] Epoch 20/30 - Acc: 0.8555
[HfO2_Physics | Seed 2] Epoch 21/30 - Acc: 0.8574
[HfO2_Physics | Seed 2] Epoch 22/30 - Acc: 0.8587
[HfO2_Physics | Seed 2] Epoch 23/30 - Acc: 0.8581
[HfO2_Physics | Seed 2] Epoch 24/30 - Acc: 0.8584
[HfO2_Physics | Seed 2] Epoch 25/30 - Acc: 0.9411
[HfO2_Physics | Seed 2] Epoch 26/30 - Acc: 0.9517
[HfO2_Physics | Seed 2] Epoch 27/30 - Acc: 0.9533
[HfO2_Physics | Seed 2] Epoch 28/30 - Acc: 0.9545
[HfO2_Physics | Seed 2] Epoch 29/30 - Acc: 0.9533
[HfO2_Physics | Seed 2] Epoch 30/30 - Acc: 0.9555
[HfO2_Physics | Seed 3] Epoch 1/30 - Acc: 0.7167
[HfO2_Physics | Seed 3] Epoch 2/30 - Acc: 0.7893
[HfO2_Physics | Seed 3] Epoch 3/30 - Acc: 0.8085
[HfO2_Physics | Seed 3] Epoch 4/30 - Acc: 0.8211
[HfO2_Physics | Seed 3] Epoch 5/30 - Acc: 0.8285
[HfO2_Physics | Seed 3] Epoch 6/30 - Acc: 0.8347
[HfO2_Physics | Seed 3] Epoch 7/30 - Acc: 0.9174
[HfO2_Physics | Seed 3] Epoch 8/30 - Acc: 0.9243
[HfO2_Physics | Seed 3] Epoch 9/30 - Acc: 0.9291
[HfO2_Physics | Seed 3] Epoch 10/30 - Acc: 0.9325
[HfO2_Physics | Seed 3] Epoch 11/30 - Acc: 0.9357
[HfO2_Physics | Seed 3] Epoch 12/30 - Acc: 0.9374
[HfO2_Physics | Seed 3] Epoch 13/30 - Acc: 0.9397
[HfO2_Physics | Seed 3] Epoch 14/30 - Acc: 0.9412
[HfO2_Physics | Seed 3] Epoch 15/30 - Acc: 0.9418
[HfO2_Physics | Seed 3] Epoch 16/30 - Acc: 0.9419
[HfO2_Physics | Seed 3] Epoch 17/30 - Acc: 0.9434
[HfO2_Physics | Seed 3] Epoch 18/30 - Acc: 0.9450
[HfO2_Physics | Seed 3] Epoch 19/30 - Acc: 0.9459
[HfO2_Physics | Seed 3] Epoch 20/30 - Acc: 0.9492
[HfO2_Physics | Seed 3] Epoch 21/30 - Acc: 0.9480
[HfO2_Physics | Seed 3] Epoch 22/30 - Acc: 0.9511
[HfO2_Physics | Seed 3] Epoch 23/30 - Acc: 0.9514
[HfO2_Physics | Seed 3] Epoch 24/30 - Acc: 0.9500
[HfO2_Physics | Seed 3] Epoch 25/30 - Acc: 0.9519
[HfO2_Physics | Seed 3] Epoch 26/30 - Acc: 0.9535
[HfO2_Physics | Seed 3] Epoch 27/30 - Acc: 0.9526
[HfO2_Physics | Seed 3] Epoch 28/30 - Acc: 0.9531
[HfO2_Physics | Seed 3] Epoch 29/30 - Acc: 0.9561
[HfO2_Physics | Seed 3] Epoch 30/30 - Acc: 0.9557
[HfO2_Physics | Seed 4] Epoch 1/30 - Acc: 0.7566
[HfO2_Physics | Seed 4] Epoch 2/30 - Acc: 0.8515
[HfO2_Physics | Seed 4] Epoch 3/30 - Acc: 0.8800
[HfO2_Physics | Seed 4] Epoch 4/30 - Acc: 0.8966
[HfO2_Physics | Seed 4] Epoch 5/30 - Acc: 0.9037
[HfO2_Physics | Seed 4] Epoch 6/30 - Acc: 0.9134
[HfO2_Physics | Seed 4] Epoch 7/30 - Acc: 0.9197
[HfO2_Physics | Seed 4] Epoch 8/30 - Acc: 0.9266
[HfO2_Physics | Seed 4] Epoch 9/30 - Acc: 0.9292
[HfO2_Physics | Seed 4] Epoch 10/30 - Acc: 0.9350
[HfO2_Physics | Seed 4] Epoch 11/30 - Acc: 0.9348
[HfO2_Physics | Seed 4] Epoch 12/30 - Acc: 0.9350
[HfO2_Physics | Seed 4] Epoch 13/30 - Acc: 0.9397
[HfO2_Physics | Seed 4] Epoch 14/30 - Acc: 0.9410
[HfO2_Physics | Seed 4] Epoch 15/30 - Acc: 0.9417
[HfO2_Physics | Seed 4] Epoch 16/30 - Acc: 0.9428
[HfO2_Physics | Seed 4] Epoch 17/30 - Acc: 0.9451
[HfO2_Physics | Seed 4] Epoch 18/30 - Acc: 0.9459
[HfO2_Physics | Seed 4] Epoch 19/30 - Acc: 0.9462
[HfO2_Physics | Seed 4] Epoch 20/30 - Acc: 0.9491
[HfO2_Physics | Seed 4] Epoch 21/30 - Acc: 0.9493
[HfO2_Physics | Seed 4] Epoch 22/30 - Acc: 0.9499
[HfO2_Physics | Seed 4] Epoch 23/30 - Acc: 0.9510
[HfO2_Physics | Seed 4] Epoch 24/30 - Acc: 0.9524
[HfO2_Physics | Seed 4] Epoch 25/30 - Acc: 0.9523
[HfO2_Physics | Seed 4] Epoch 26/30 - Acc: 0.9538
[HfO2_Physics | Seed 4] Epoch 27/30 - Acc: 0.9537
[HfO2_Physics | Seed 4] Epoch 28/30 - Acc: 0.9526
[HfO2_Physics | Seed 4] Epoch 29/30 - Acc: 0.9561
[HfO2_Physics | Seed 4] Epoch 30/30 - Acc: 0.9551
[Noise_Aware | Seed 0] Epoch 1/30 - Acc: 0.6762
[Noise_Aware | Seed 0] Epoch 2/30 - Acc: 0.8466
[Noise_Aware | Seed 0] Epoch 3/30 - Acc: 0.8869
[Noise_Aware | Seed 0] Epoch 4/30 - Acc: 0.8975
[Noise_Aware | Seed 0] Epoch 5/30 - Acc: 0.9085
[Noise_Aware | Seed 0] Epoch 6/30 - Acc: 0.9144
[Noise_Aware | Seed 0] Epoch 7/30 - Acc: 0.9176
[Noise_Aware | Seed 0] Epoch 8/30 - Acc: 0.9223
[Noise_Aware | Seed 0] Epoch 9/30 - Acc: 0.9287
[Noise_Aware | Seed 0] Epoch 10/30 - Acc: 0.9317
[Noise_Aware | Seed 0] Epoch 11/30 - Acc: 0.9315
[Noise_Aware | Seed 0] Epoch 12/30 - Acc: 0.9374
[Noise_Aware | Seed 0] Epoch 13/30 - Acc: 0.9391
[Noise_Aware | Seed 0] Epoch 14/30 - Acc: 0.9406
[Noise_Aware | Seed 0] Epoch 15/30 - Acc: 0.9393
[Noise_Aware | Seed 0] Epoch 16/30 - Acc: 0.9401
[Noise_Aware | Seed 0] Epoch 17/30 - Acc: 0.9414
[Noise_Aware | Seed 0] Epoch 18/30 - Acc: 0.9428
[Noise_Aware | Seed 0] Epoch 19/30 - Acc: 0.9428
[Noise_Aware | Seed 0] Epoch 20/30 - Acc: 0.9466
[Noise_Aware | Seed 0] Epoch 21/30 - Acc: 0.9490
[Noise_Aware | Seed 0] Epoch 22/30 - Acc: 0.9495
[Noise_Aware | Seed 0] Epoch 23/30 - Acc: 0.9492
[Noise_Aware | Seed 0] Epoch 24/30 - Acc: 0.9486
[Noise_Aware | Seed 0] Epoch 25/30 - Acc: 0.9491
[Noise_Aware | Seed 0] Epoch 26/30 - Acc: 0.9512
[Noise_Aware | Seed 0] Epoch 27/30 - Acc: 0.9508
[Noise_Aware | Seed 0] Epoch 28/30 - Acc: 0.9504
[Noise_Aware | Seed 0] Epoch 29/30 - Acc: 0.9523
[Noise_Aware | Seed 0] Epoch 30/30 - Acc: 0.9542
[Noise_Aware | Seed 1] Epoch 1/30 - Acc: 0.7618
[Noise_Aware | Seed 1] Epoch 2/30 - Acc: 0.8526
[Noise_Aware | Seed 1] Epoch 3/30 - Acc: 0.8843
[Noise_Aware | Seed 1] Epoch 4/30 - Acc: 0.8980
[Noise_Aware | Seed 1] Epoch 5/30 - Acc: 0.9044
[Noise_Aware | Seed 1] Epoch 6/30 - Acc: 0.9127
[Noise_Aware | Seed 1] Epoch 7/30 - Acc: 0.9173
[Noise_Aware | Seed 1] Epoch 8/30 - Acc: 0.9236
[Noise_Aware | Seed 1] Epoch 9/30 - Acc: 0.9307
[Noise_Aware | Seed 1] Epoch 10/30 - Acc: 0.9315
[Noise_Aware | Seed 1] Epoch 11/30 - Acc: 0.9363
[Noise_Aware | Seed 1] Epoch 12/30 - Acc: 0.9378
[Noise_Aware | Seed 1] Epoch 13/30 - Acc: 0.9386
[Noise_Aware | Seed 1] Epoch 14/30 - Acc: 0.9428
[Noise_Aware | Seed 1] Epoch 15/30 - Acc: 0.9427
[Noise_Aware | Seed 1] Epoch 16/30 - Acc: 0.9438
[Noise_Aware | Seed 1] Epoch 17/30 - Acc: 0.9430
[Noise_Aware | Seed 1] Epoch 18/30 - Acc: 0.9446
[Noise_Aware | Seed 1] Epoch 19/30 - Acc: 0.9467
[Noise_Aware | Seed 1] Epoch 20/30 - Acc: 0.9469
[Noise_Aware | Seed 1] Epoch 21/30 - Acc: 0.9474
[Noise_Aware | Seed 1] Epoch 22/30 - Acc: 0.9502
[Noise_Aware | Seed 1] Epoch 23/30 - Acc: 0.9498
[Noise_Aware | Seed 1] Epoch 24/30 - Acc: 0.9497
[Noise_Aware | Seed 1] Epoch 25/30 - Acc: 0.9520
[Noise_Aware | Seed 1] Epoch 26/30 - Acc: 0.9500
[Noise_Aware | Seed 1] Epoch 27/30 - Acc: 0.9532
[Noise_Aware | Seed 1] Epoch 28/30 - Acc: 0.9519
[Noise_Aware | Seed 1] Epoch 29/30 - Acc: 0.9548
[Noise_Aware | Seed 1] Epoch 30/30 - Acc: 0.9549
[Noise_Aware | Seed 2] Epoch 1/30 - Acc: 0.6924
[Noise_Aware | Seed 2] Epoch 2/30 - Acc: 0.7683
[Noise_Aware | Seed 2] Epoch 3/30 - Acc: 0.8018
[Noise_Aware | Seed 2] Epoch 4/30 - Acc: 0.8103
[Noise_Aware | Seed 2] Epoch 5/30 - Acc: 0.8223
[Noise_Aware | Seed 2] Epoch 6/30 - Acc: 0.8292
[Noise_Aware | Seed 2] Epoch 7/30 - Acc: 0.8336
[Noise_Aware | Seed 2] Epoch 8/30 - Acc: 0.8342
[Noise_Aware | Seed 2] Epoch 9/30 - Acc: 0.8386
[Noise_Aware | Seed 2] Epoch 10/30 - Acc: 0.8429
[Noise_Aware | Seed 2] Epoch 11/30 - Acc: 0.8488
[Noise_Aware | Seed 2] Epoch 12/30 - Acc: 0.8485
[Noise_Aware | Seed 2] Epoch 13/30 - Acc: 0.8489
[Noise_Aware | Seed 2] Epoch 14/30 - Acc: 0.8514
[Noise_Aware | Seed 2] Epoch 15/30 - Acc: 0.8509
[Noise_Aware | Seed 2] Epoch 16/30 - Acc: 0.8533
[Noise_Aware | Seed 2] Epoch 17/30 - Acc: 0.8564
[Noise_Aware | Seed 2] Epoch 18/30 - Acc: 0.8549
[Noise_Aware | Seed 2] Epoch 19/30 - Acc: 0.9414
[Noise_Aware | Seed 2] Epoch 20/30 - Acc: 0.9487
[Noise_Aware | Seed 2] Epoch 21/30 - Acc: 0.9496
[Noise_Aware | Seed 2] Epoch 22/30 - Acc: 0.9498
[Noise_Aware | Seed 2] Epoch 23/30 - Acc: 0.9501
[Noise_Aware | Seed 2] Epoch 24/30 - Acc: 0.9519
[Noise_Aware | Seed 2] Epoch 25/30 - Acc: 0.9534
[Noise_Aware | Seed 2] Epoch 26/30 - Acc: 0.9516
[Noise_Aware | Seed 2] Epoch 27/30 - Acc: 0.9554
[Noise_Aware | Seed 2] Epoch 28/30 - Acc: 0.9546
[Noise_Aware | Seed 2] Epoch 29/30 - Acc: 0.9553
[Noise_Aware | Seed 2] Epoch 30/30 - Acc: 0.9548
[Noise_Aware | Seed 3] Epoch 1/30 - Acc: 0.7168
[Noise_Aware | Seed 3] Epoch 2/30 - Acc: 0.7886
[Noise_Aware | Seed 3] Epoch 3/30 - Acc: 0.8095
[Noise_Aware | Seed 3] Epoch 4/30 - Acc: 0.8184
[Noise_Aware | Seed 3] Epoch 5/30 - Acc: 0.8270
[Noise_Aware | Seed 3] Epoch 6/30 - Acc: 0.8345
[Noise_Aware | Seed 3] Epoch 7/30 - Acc: 0.8351
[Noise_Aware | Seed 3] Epoch 8/30 - Acc: 0.9243
[Noise_Aware | Seed 3] Epoch 9/30 - Acc: 0.9282
[Noise_Aware | Seed 3] Epoch 10/30 - Acc: 0.9304
[Noise_Aware | Seed 3] Epoch 11/30 - Acc: 0.9333
[Noise_Aware | Seed 3] Epoch 12/30 - Acc: 0.9359
[Noise_Aware | Seed 3] Epoch 13/30 - Acc: 0.9372
[Noise_Aware | Seed 3] Epoch 14/30 - Acc: 0.9388
[Noise_Aware | Seed 3] Epoch 15/30 - Acc: 0.9395
[Noise_Aware | Seed 3] Epoch 16/30 - Acc: 0.9393
[Noise_Aware | Seed 3] Epoch 17/30 - Acc: 0.9440
[Noise_Aware | Seed 3] Epoch 18/30 - Acc: 0.9449
[Noise_Aware | Seed 3] Epoch 19/30 - Acc: 0.9466
[Noise_Aware | Seed 3] Epoch 20/30 - Acc: 0.9482
[Noise_Aware | Seed 3] Epoch 21/30 - Acc: 0.9474
[Noise_Aware | Seed 3] Epoch 22/30 - Acc: 0.9484
[Noise_Aware | Seed 3] Epoch 23/30 - Acc: 0.9516
[Noise_Aware | Seed 3] Epoch 24/30 - Acc: 0.9499
[Noise_Aware | Seed 3] Epoch 25/30 - Acc: 0.9506
[Noise_Aware | Seed 3] Epoch 26/30 - Acc: 0.9514
[Noise_Aware | Seed 3] Epoch 27/30 - Acc: 0.9519
[Noise_Aware | Seed 3] Epoch 28/30 - Acc: 0.9519
[Noise_Aware | Seed 3] Epoch 29/30 - Acc: 0.9543
[Noise_Aware | Seed 3] Epoch 30/30 - Acc: 0.9536
[Noise_Aware | Seed 4] Epoch 1/30 - Acc: 0.7548
[Noise_Aware | Seed 4] Epoch 2/30 - Acc: 0.8475
[Noise_Aware | Seed 4] Epoch 3/30 - Acc: 0.8734
[Noise_Aware | Seed 4] Epoch 4/30 - Acc: 0.8966
[Noise_Aware | Seed 4] Epoch 5/30 - Acc: 0.9017
[Noise_Aware | Seed 4] Epoch 6/30 - Acc: 0.9123
[Noise_Aware | Seed 4] Epoch 7/30 - Acc: 0.9200
[Noise_Aware | Seed 4] Epoch 8/30 - Acc: 0.9247
[Noise_Aware | Seed 4] Epoch 9/30 - Acc: 0.9268
[Noise_Aware | Seed 4] Epoch 10/30 - Acc: 0.9315
[Noise_Aware | Seed 4] Epoch 11/30 - Acc: 0.9356
[Noise_Aware | Seed 4] Epoch 12/30 - Acc: 0.9365
[Noise_Aware | Seed 4] Epoch 13/30 - Acc: 0.9380
[Noise_Aware | Seed 4] Epoch 14/30 - Acc: 0.9391
[Noise_Aware | Seed 4] Epoch 15/30 - Acc: 0.9417
[Noise_Aware | Seed 4] Epoch 16/30 - Acc: 0.9416
[Noise_Aware | Seed 4] Epoch 17/30 - Acc: 0.9444
[Noise_Aware | Seed 4] Epoch 18/30 - Acc: 0.9453
[Noise_Aware | Seed 4] Epoch 19/30 - Acc: 0.9440
[Noise_Aware | Seed 4] Epoch 20/30 - Acc: 0.9455
[Noise_Aware | Seed 4] Epoch 21/30 - Acc: 0.9462
[Noise_Aware | Seed 4] Epoch 22/30 - Acc: 0.9470
[Noise_Aware | Seed 4] Epoch 23/30 - Acc: 0.9479
[Noise_Aware | Seed 4] Epoch 24/30 - Acc: 0.9491
[Noise_Aware | Seed 4] Epoch 25/30 - Acc: 0.9499
[Noise_Aware | Seed 4] Epoch 26/30 - Acc: 0.9491
[Noise_Aware | Seed 4] Epoch 27/30 - Acc: 0.9498
[Noise_Aware | Seed 4] Epoch 28/30 - Acc: 0.9507
[Noise_Aware | Seed 4] Epoch 29/30 - Acc: 0.9522
[Noise_Aware | Seed 4] Epoch 30/30 - Acc: 0.9533
