nohup: ignoring input
[Ideal_FP32 | Seed 0] Epoch 1/30 - Acc: 0.7602
[Ideal_FP32 | Seed 0] Epoch 2/30 - Acc: 0.8762
[Ideal_FP32 | Seed 0] Epoch 3/30 - Acc: 0.9061
[Ideal_FP32 | Seed 0] Epoch 4/30 - Acc: 0.9149
[Ideal_FP32 | Seed 0] Epoch 5/30 - Acc: 0.9240
[Ideal_FP32 | Seed 0] Epoch 6/30 - Acc: 0.9255
[Ideal_FP32 | Seed 0] Epoch 7/30 - Acc: 0.9306
[Ideal_FP32 | Seed 0] Epoch 8/30 - Acc: 0.9363
[Ideal_FP32 | Seed 0] Epoch 9/30 - Acc: 0.9379
[Ideal_FP32 | Seed 0] Epoch 10/30 - Acc: 0.9423
[Ideal_FP32 | Seed 0] Epoch 11/30 - Acc: 0.9408
[Ideal_FP32 | Seed 0] Epoch 12/30 - Acc: 0.9445
[Ideal_FP32 | Seed 0] Epoch 13/30 - Acc: 0.9463
[Ideal_FP32 | Seed 0] Epoch 14/30 - Acc: 0.9461
[Ideal_FP32 | Seed 0] Epoch 15/30 - Acc: 0.9499
[Ideal_FP32 | Seed 0] Epoch 16/30 - Acc: 0.9488
[Ideal_FP32 | Seed 0] Epoch 17/30 - Acc: 0.9513
[Ideal_FP32 | Seed 0] Epoch 18/30 - Acc: 0.9537
[Ideal_FP32 | Seed 0] Epoch 19/30 - Acc: 0.9522
[Ideal_FP32 | Seed 0] Epoch 20/30 - Acc: 0.9550
[Ideal_FP32 | Seed 0] Epoch 21/30 - Acc: 0.9534
[Ideal_FP32 | Seed 0] Epoch 22/30 - Acc: 0.9547
[Ideal_FP32 | Seed 0] Epoch 23/30 - Acc: 0.9563
[Ideal_FP32 | Seed 0] Epoch 24/30 - Acc: 0.9551
[Ideal_FP32 | Seed 0] Epoch 25/30 - Acc: 0.9574
[Ideal_FP32 | Seed 0] Epoch 26/30 - Acc: 0.9562
[Ideal_FP32 | Seed 0] Epoch 27/30 - Acc: 0.9569
[Ideal_FP32 | Seed 0] Epoch 28/30 - Acc: 0.9590
[Ideal_FP32 | Seed 0] Epoch 29/30 - Acc: 0.9590
[Ideal_FP32 | Seed 0] Epoch 30/30 - Acc: 0.9599
[Ideal_FP32 | Seed 1] Epoch 1/30 - Acc: 0.8193
[Ideal_FP32 | Seed 1] Epoch 2/30 - Acc: 0.8805
[Ideal_FP32 | Seed 1] Epoch 3/30 - Acc: 0.9038
[Ideal_FP32 | Seed 1] Epoch 4/30 - Acc: 0.9156
[Ideal_FP32 | Seed 1] Epoch 5/30 - Acc: 0.9252
[Ideal_FP32 | Seed 1] Epoch 6/30 - Acc: 0.9289
[Ideal_FP32 | Seed 1] Epoch 7/30 - Acc: 0.9314
[Ideal_FP32 | Seed 1] Epoch 8/30 - Acc: 0.9362
[Ideal_FP32 | Seed 1] Epoch 9/30 - Acc: 0.9404
[Ideal_FP32 | Seed 1] Epoch 10/30 - Acc: 0.9409
[Ideal_FP32 | Seed 1] Epoch 11/30 - Acc: 0.9439
[Ideal_FP32 | Seed 1] Epoch 12/30 - Acc: 0.9447
[Ideal_FP32 | Seed 1] Epoch 13/30 - Acc: 0.9449
[Ideal_FP32 | Seed 1] Epoch 14/30 - Acc: 0.9471
[Ideal_FP32 | Seed 1] Epoch 15/30 - Acc: 0.9489
[Ideal_FP32 | Seed 1] Epoch 16/30 - Acc: 0.9494
[Ideal_FP32 | Seed 1] Epoch 17/30 - Acc: 0.9514
[Ideal_FP32 | Seed 1] Epoch 18/30 - Acc: 0.9513
[Ideal_FP32 | Seed 1] Epoch 19/30 - Acc: 0.9534
[Ideal_FP32 | Seed 1] Epoch 20/30 - Acc: 0.9519
[Ideal_FP32 | Seed 1] Epoch 21/30 - Acc: 0.9543
[Ideal_FP32 | Seed 1] Epoch 22/30 - Acc: 0.9555
[Ideal_FP32 | Seed 1] Epoch 23/30 - Acc: 0.9557
[Ideal_FP32 | Seed 1] Epoch 24/30 - Acc: 0.9567
[Ideal_FP32 | Seed 1] Epoch 25/30 - Acc: 0.9557
[Ideal_FP32 | Seed 1] Epoch 26/30 - Acc: 0.9560
[Ideal_FP32 | Seed 1] Epoch 27/30 - Acc: 0.9581
[Ideal_FP32 | Seed 1] Epoch 28/30 - Acc: 0.9589
[Ideal_FP32 | Seed 1] Epoch 29/30 - Acc: 0.9607
[Ideal_FP32 | Seed 1] Epoch 30/30 - Acc: 0.9600
[Ideal_FP32 | Seed 2] Epoch 1/30 - Acc: 0.7463
[Ideal_FP32 | Seed 2] Epoch 2/30 - Acc: 0.7981
[Ideal_FP32 | Seed 2] Epoch 3/30 - Acc: 0.8186
[Ideal_FP32 | Seed 2] Epoch 4/30 - Acc: 0.8280
[Ideal_FP32 | Seed 2] Epoch 5/30 - Acc: 0.8348
[Ideal_FP32 | Seed 2] Epoch 6/30 - Acc: 0.8391
[Ideal_FP32 | Seed 2] Epoch 7/30 - Acc: 0.8425
[Ideal_FP32 | Seed 2] Epoch 8/30 - Acc: 0.8451
[Ideal_FP32 | Seed 2] Epoch 9/30 - Acc: 0.8479
[Ideal_FP32 | Seed 2] Epoch 10/30 - Acc: 0.8507
[Ideal_FP32 | Seed 2] Epoch 11/30 - Acc: 0.8519
[Ideal_FP32 | Seed 2] Epoch 12/30 - Acc: 0.8544
[Ideal_FP32 | Seed 2] Epoch 13/30 - Acc: 0.8544
[Ideal_FP32 | Seed 2] Epoch 14/30 - Acc: 0.8555
[Ideal_FP32 | Seed 2] Epoch 15/30 - Acc: 0.8559
[Ideal_FP32 | Seed 2] Epoch 16/30 - Acc: 0.8584
[Ideal_FP32 | Seed 2] Epoch 17/30 - Acc: 0.8583
[Ideal_FP32 | Seed 2] Epoch 18/30 - Acc: 0.8597
[Ideal_FP32 | Seed 2] Epoch 19/30 - Acc: 0.8595
[Ideal_FP32 | Seed 2] Epoch 20/30 - Acc: 0.8587
[Ideal_FP32 | Seed 2] Epoch 21/30 - Acc: 0.8606
[Ideal_FP32 | Seed 2] Epoch 22/30 - Acc: 0.8618
[Ideal_FP32 | Seed 2] Epoch 23/30 - Acc: 0.8627
[Ideal_FP32 | Seed 2] Epoch 24/30 - Acc: 0.8632
[Ideal_FP32 | Seed 2] Epoch 25/30 - Acc: 0.8636
[Ideal_FP32 | Seed 2] Epoch 26/30 - Acc: 0.8647
[Ideal_FP32 | Seed 2] Epoch 27/30 - Acc: 0.8641
[Ideal_FP32 | Seed 2] Epoch 28/30 - Acc: 0.8645
[Ideal_FP32 | Seed 2] Epoch 29/30 - Acc: 0.8654
[Ideal_FP32 | Seed 2] Epoch 30/30 - Acc: 0.8648
[Ideal_FP32 | Seed 3] Epoch 1/30 - Acc: 0.7646
[Ideal_FP32 | Seed 3] Epoch 2/30 - Acc: 0.8154
[Ideal_FP32 | Seed 3] Epoch 3/30 - Acc: 0.8250
[Ideal_FP32 | Seed 3] Epoch 4/30 - Acc: 0.8350
[Ideal_FP32 | Seed 3] Epoch 5/30 - Acc: 0.8398
[Ideal_FP32 | Seed 3] Epoch 6/30 - Acc: 0.8442
[Ideal_FP32 | Seed 3] Epoch 7/30 - Acc: 0.8447
[Ideal_FP32 | Seed 3] Epoch 8/30 - Acc: 0.8500
[Ideal_FP32 | Seed 3] Epoch 9/30 - Acc: 0.8516
[Ideal_FP32 | Seed 3] Epoch 10/30 - Acc: 0.8519
[Ideal_FP32 | Seed 3] Epoch 11/30 - Acc: 0.8545
[Ideal_FP32 | Seed 3] Epoch 12/30 - Acc: 0.8574
[Ideal_FP32 | Seed 3] Epoch 13/30 - Acc: 0.9416
[Ideal_FP32 | Seed 3] Epoch 14/30 - Acc: 0.9449
[Ideal_FP32 | Seed 3] Epoch 15/30 - Acc: 0.9462
[Ideal_FP32 | Seed 3] Epoch 16/30 - Acc: 0.9483
[Ideal_FP32 | Seed 3] Epoch 17/30 - Acc: 0.9501
[Ideal_FP32 | Seed 3] Epoch 18/30 - Acc: 0.9522
[Ideal_FP32 | Seed 3] Epoch 19/30 - Acc: 0.9519
[Ideal_FP32 | Seed 3] Epoch 20/30 - Acc: 0.9535
[Ideal_FP32 | Seed 3] Epoch 21/30 - Acc: 0.9563
[Ideal_FP32 | Seed 3] Epoch 22/30 - Acc: 0.9568
[Ideal_FP32 | Seed 3] Epoch 23/30 - Acc: 0.9573
[Ideal_FP32 | Seed 3] Epoch 24/30 - Acc: 0.9563
[Ideal_FP32 | Seed 3] Epoch 25/30 - Acc: 0.9593
[Ideal_FP32 | Seed 3] Epoch 26/30 - Acc: 0.9591
[Ideal_FP32 | Seed 3] Epoch 27/30 - Acc: 0.9599
[Ideal_FP32 | Seed 3] Epoch 28/30 - Acc: 0.9594
[Ideal_FP32 | Seed 3] Epoch 29/30 - Acc: 0.9608
[Ideal_FP32 | Seed 3] Epoch 30/30 - Acc: 0.9597
[Ideal_FP32 | Seed 4] Epoch 1/30 - Acc: 0.8084
[Ideal_FP32 | Seed 4] Epoch 2/30 - Acc: 0.8827
[Ideal_FP32 | Seed 4] Epoch 3/30 - Acc: 0.8991
[Ideal_FP32 | Seed 4] Epoch 4/30 - Acc: 0.9128
[Ideal_FP32 | Seed 4] Epoch 5/30 - Acc: 0.9188
[Ideal_FP32 | Seed 4] Epoch 6/30 - Acc: 0.9265
[Ideal_FP32 | Seed 4] Epoch 7/30 - Acc: 0.9295
[Ideal_FP32 | Seed 4] Epoch 8/30 - Acc: 0.9320
[Ideal_FP32 | Seed 4] Epoch 9/30 - Acc: 0.9351
[Ideal_FP32 | Seed 4] Epoch 10/30 - Acc: 0.9411
[Ideal_FP32 | Seed 4] Epoch 11/30 - Acc: 0.9418
[Ideal_FP32 | Seed 4] Epoch 12/30 - Acc: 0.9437
[Ideal_FP32 | Seed 4] Epoch 13/30 - Acc: 0.9454
[Ideal_FP32 | Seed 4] Epoch 14/30 - Acc: 0.9485
[Ideal_FP32 | Seed 4] Epoch 15/30 - Acc: 0.9485
[Ideal_FP32 | Seed 4] Epoch 16/30 - Acc: 0.9509
[Ideal_FP32 | Seed 4] Epoch 17/30 - Acc: 0.9518
[Ideal_FP32 | Seed 4] Epoch 18/30 - Acc: 0.9532
[Ideal_FP32 | Seed 4] Epoch 19/30 - Acc: 0.9536
[Ideal_FP32 | Seed 4] Epoch 20/30 - Acc: 0.9538
[Ideal_FP32 | Seed 4] Epoch 21/30 - Acc: 0.9541
[Ideal_FP32 | Seed 4] Epoch 22/30 - Acc: 0.9557
[Ideal_FP32 | Seed 4] Epoch 23/30 - Acc: 0.9562
[Ideal_FP32 | Seed 4] Epoch 24/30 - Acc: 0.9568
[Ideal_FP32 | Seed 4] Epoch 25/30 - Acc: 0.9582
[Ideal_FP32 | Seed 4] Epoch 26/30 - Acc: 0.9585
[Ideal_FP32 | Seed 4] Epoch 27/30 - Acc: 0.9597
[Ideal_FP32 | Seed 4] Epoch 28/30 - Acc: 0.9588
[Ideal_FP32 | Seed 4] Epoch 29/30 - Acc: 0.9606
[Ideal_FP32 | Seed 4] Epoch 30/30 - Acc: 0.9605
[Linear_Quant | Seed 0] Epoch 1/30 - Acc: 0.7789
[Linear_Quant | Seed 0] Epoch 2/30 - Acc: 0.8754
[Linear_Quant | Seed 0] Epoch 3/30 - Acc: 0.8989
[Linear_Quant | Seed 0] Epoch 4/30 - Acc: 0.9136
[Linear_Quant | Seed 0] Epoch 5/30 - Acc: 0.9207
[Linear_Quant | Seed 0] Epoch 6/30 - Acc: 0.9244
[Linear_Quant | Seed 0] Epoch 7/30 - Acc: 0.9260
[Linear_Quant | Seed 0] Epoch 8/30 - Acc: 0.9336
[Linear_Quant | Seed 0] Epoch 9/30 - Acc: 0.9337
[Linear_Quant | Seed 0] Epoch 10/30 - Acc: 0.9373
[Linear_Quant | Seed 0] Epoch 11/30 - Acc: 0.9368
[Linear_Quant | Seed 0] Epoch 12/30 - Acc: 0.9392
[Linear_Quant | Seed 0] Epoch 13/30 - Acc: 0.9399
[Linear_Quant | Seed 0] Epoch 14/30 - Acc: 0.9442
[Linear_Quant | Seed 0] Epoch 15/30 - Acc: 0.9464
[Linear_Quant | Seed 0] Epoch 16/30 - Acc: 0.9467
[Linear_Quant | Seed 0] Epoch 17/30 - Acc: 0.9474
[Linear_Quant | Seed 0] Epoch 18/30 - Acc: 0.9503
[Linear_Quant | Seed 0] Epoch 19/30 - Acc: 0.9500
[Linear_Quant | Seed 0] Epoch 20/30 - Acc: 0.9503
[Linear_Quant | Seed 0] Epoch 21/30 - Acc: 0.9523
[Linear_Quant | Seed 0] Epoch 22/30 - Acc: 0.9538
[Linear_Quant | Seed 0] Epoch 23/30 - Acc: 0.9530
[Linear_Quant | Seed 0] Epoch 24/30 - Acc: 0.9541
[Linear_Quant | Seed 0] Epoch 25/30 - Acc: 0.9544
[Linear_Quant | Seed 0] Epoch 26/30 - Acc: 0.9562
[Linear_Quant | Seed 0] Epoch 27/30 - Acc: 0.9539
[Linear_Quant | Seed 0] Epoch 28/30 - Acc: 0.9555
[Linear_Quant | Seed 0] Epoch 29/30 - Acc: 0.9563
[Linear_Quant | Seed 0] Epoch 30/30 - Acc: 0.9577
[Linear_Quant | Seed 1] Epoch 1/30 - Acc: 0.8149
[Linear_Quant | Seed 1] Epoch 2/30 - Acc: 0.8755
[Linear_Quant | Seed 1] Epoch 3/30 - Acc: 0.8989
[Linear_Quant | Seed 1] Epoch 4/30 - Acc: 0.9119
[Linear_Quant | Seed 1] Epoch 5/30 - Acc: 0.9198
[Linear_Quant | Seed 1] Epoch 6/30 - Acc: 0.9292
[Linear_Quant | Seed 1] Epoch 7/30 - Acc: 0.9308
[Linear_Quant | Seed 1] Epoch 8/30 - Acc: 0.9312
[Linear_Quant | Seed 1] Epoch 9/30 - Acc: 0.9358
[Linear_Quant | Seed 1] Epoch 10/30 - Acc: 0.9354
[Linear_Quant | Seed 1] Epoch 11/30 - Acc: 0.9387
[Linear_Quant | Seed 1] Epoch 12/30 - Acc: 0.9411
[Linear_Quant | Seed 1] Epoch 13/30 - Acc: 0.9413
[Linear_Quant | Seed 1] Epoch 14/30 - Acc: 0.9466
[Linear_Quant | Seed 1] Epoch 15/30 - Acc: 0.9474
[Linear_Quant | Seed 1] Epoch 16/30 - Acc: 0.9493
[Linear_Quant | Seed 1] Epoch 17/30 - Acc: 0.9479
[Linear_Quant | Seed 1] Epoch 18/30 - Acc: 0.9522
[Linear_Quant | Seed 1] Epoch 19/30 - Acc: 0.9491
[Linear_Quant | Seed 1] Epoch 20/30 - Acc: 0.9492
[Linear_Quant | Seed 1] Epoch 21/30 - Acc: 0.9541
[Linear_Quant | Seed 1] Epoch 22/30 - Acc: 0.9520
[Linear_Quant | Seed 1] Epoch 23/30 - Acc: 0.9533
[Linear_Quant | Seed 1] Epoch 24/30 - Acc: 0.9522
[Linear_Quant | Seed 1] Epoch 25/30 - Acc: 0.9539
[Linear_Quant | Seed 1] Epoch 26/30 - Acc: 0.9566
[Linear_Quant | Seed 1] Epoch 27/30 - Acc: 0.9567
[Linear_Quant | Seed 1] Epoch 28/30 - Acc: 0.9588
[Linear_Quant | Seed 1] Epoch 29/30 - Acc: 0.9571
[Linear_Quant | Seed 1] Epoch 30/30 - Acc: 0.9566
[Linear_Quant | Seed 2] Epoch 1/30 - Acc: 0.7323
[Linear_Quant | Seed 2] Epoch 2/30 - Acc: 0.8019
[Linear_Quant | Seed 2] Epoch 3/30 - Acc: 0.8157
[Linear_Quant | Seed 2] Epoch 4/30 - Acc: 0.8260
[Linear_Quant | Seed 2] Epoch 5/30 - Acc: 0.8286
[Linear_Quant | Seed 2] Epoch 6/30 - Acc: 0.8371
[Linear_Quant | Seed 2] Epoch 7/30 - Acc: 0.8406
[Linear_Quant | Seed 2] Epoch 8/30 - Acc: 0.8426
[Linear_Quant | Seed 2] Epoch 9/30 - Acc: 0.8468
[Linear_Quant | Seed 2] Epoch 10/30 - Acc: 0.8470
[Linear_Quant | Seed 2] Epoch 11/30 - Acc: 0.8523
[Linear_Quant | Seed 2] Epoch 12/30 - Acc: 0.8534
[Linear_Quant | Seed 2] Epoch 13/30 - Acc: 0.8540
[Linear_Quant | Seed 2] Epoch 14/30 - Acc: 0.8562
[Linear_Quant | Seed 2] Epoch 15/30 - Acc: 0.8570
[Linear_Quant | Seed 2] Epoch 16/30 - Acc: 0.8567
[Linear_Quant | Seed 2] Epoch 17/30 - Acc: 0.8591
[Linear_Quant | Seed 2] Epoch 18/30 - Acc: 0.8566
[Linear_Quant | Seed 2] Epoch 19/30 - Acc: 0.8585
[Linear_Quant | Seed 2] Epoch 20/30 - Acc: 0.8585
[Linear_Quant | Seed 2] Epoch 21/30 - Acc: 0.8628
[Linear_Quant | Seed 2] Epoch 22/30 - Acc: 0.8616
[Linear_Quant | Seed 2] Epoch 23/30 - Acc: 0.8627
[Linear_Quant | Seed 2] Epoch 24/30 - Acc: 0.8632
[Linear_Quant | Seed 2] Epoch 25/30 - Acc: 0.8650
[Linear_Quant | Seed 2] Epoch 26/30 - Acc: 0.8629
[Linear_Quant | Seed 2] Epoch 27/30 - Acc: 0.8652
[Linear_Quant | Seed 2] Epoch 28/30 - Acc: 0.8639
[Linear_Quant | Seed 2] Epoch 29/30 - Acc: 0.8635
[Linear_Quant | Seed 2] Epoch 30/30 - Acc: 0.8640
[Linear_Quant | Seed 3] Epoch 1/30 - Acc: 0.7605
[Linear_Quant | Seed 3] Epoch 2/30 - Acc: 0.8109
[Linear_Quant | Seed 3] Epoch 3/30 - Acc: 0.8239
[Linear_Quant | Seed 3] Epoch 4/30 - Acc: 0.8315
[Linear_Quant | Seed 3] Epoch 5/30 - Acc: 0.8409
[Linear_Quant | Seed 3] Epoch 6/30 - Acc: 0.8414
[Linear_Quant | Seed 3] Epoch 7/30 - Acc: 0.8432
[Linear_Quant | Seed 3] Epoch 8/30 - Acc: 0.8484
[Linear_Quant | Seed 3] Epoch 9/30 - Acc: 0.8501
[Linear_Quant | Seed 3] Epoch 10/30 - Acc: 0.8503
[Linear_Quant | Seed 3] Epoch 11/30 - Acc: 0.8527
[Linear_Quant | Seed 3] Epoch 12/30 - Acc: 0.8551
[Linear_Quant | Seed 3] Epoch 13/30 - Acc: 0.9396
[Linear_Quant | Seed 3] Epoch 14/30 - Acc: 0.9432
[Linear_Quant | Seed 3] Epoch 15/30 - Acc: 0.9446
[Linear_Quant | Seed 3] Epoch 16/30 - Acc: 0.9475
[Linear_Quant | Seed 3] Epoch 17/30 - Acc: 0.9482
[Linear_Quant | Seed 3] Epoch 18/30 - Acc: 0.9493
[Linear_Quant | Seed 3] Epoch 19/30 - Acc: 0.9501
[Linear_Quant | Seed 3] Epoch 20/30 - Acc: 0.9521
[Linear_Quant | Seed 3] Epoch 21/30 - Acc: 0.9548
[Linear_Quant | Seed 3] Epoch 22/30 - Acc: 0.9519
[Linear_Quant | Seed 3] Epoch 23/30 - Acc: 0.9534
[Linear_Quant | Seed 3] Epoch 24/30 - Acc: 0.9573
[Linear_Quant | Seed 3] Epoch 25/30 - Acc: 0.9571
[Linear_Quant | Seed 3] Epoch 26/30 - Acc: 0.9569
[Linear_Quant | Seed 3] Epoch 27/30 - Acc: 0.9576
[Linear_Quant | Seed 3] Epoch 28/30 - Acc: 0.9577
[Linear_Quant | Seed 3] Epoch 29/30 - Acc: 0.9585
[Linear_Quant | Seed 3] Epoch 30/30 - Acc: 0.9577
[Linear_Quant | Seed 4] Epoch 1/30 - Acc: 0.8107
[Linear_Quant | Seed 4] Epoch 2/30 - Acc: 0.8810
[Linear_Quant | Seed 4] Epoch 3/30 - Acc: 0.8970
[Linear_Quant | Seed 4] Epoch 4/30 - Acc: 0.9120
[Linear_Quant | Seed 4] Epoch 5/30 - Acc: 0.9177
[Linear_Quant | Seed 4] Epoch 6/30 - Acc: 0.9247
[Linear_Quant | Seed 4] Epoch 7/30 - Acc: 0.9296
[Linear_Quant | Seed 4] Epoch 8/30 - Acc: 0.9322
[Linear_Quant | Seed 4] Epoch 9/30 - Acc: 0.9340
[Linear_Quant | Seed 4] Epoch 10/30 - Acc: 0.9400
[Linear_Quant | Seed 4] Epoch 11/30 - Acc: 0.9411
[Linear_Quant | Seed 4] Epoch 12/30 - Acc: 0.9454
[Linear_Quant | Seed 4] Epoch 13/30 - Acc: 0.9437
[Linear_Quant | Seed 4] Epoch 14/30 - Acc: 0.9467
[Linear_Quant | Seed 4] Epoch 15/30 - Acc: 0.9465
[Linear_Quant | Seed 4] Epoch 16/30 - Acc: 0.9479
[Linear_Quant | Seed 4] Epoch 17/30 - Acc: 0.9479
[Linear_Quant | Seed 4] Epoch 18/30 - Acc: 0.9499
[Linear_Quant | Seed 4] Epoch 19/30 - Acc: 0.9524
[Linear_Quant | Seed 4] Epoch 20/30 - Acc: 0.9532
[Linear_Quant | Seed 4] Epoch 21/30 - Acc: 0.9544
[Linear_Quant | Seed 4] Epoch 22/30 - Acc: 0.9529
[Linear_Quant | Seed 4] Epoch 23/30 - Acc: 0.9527
[Linear_Quant | Seed 4] Epoch 24/30 - Acc: 0.9554
[Linear_Quant | Seed 4] Epoch 25/30 - Acc: 0.9567
[Linear_Quant | Seed 4] Epoch 26/30 - Acc: 0.9562
[Linear_Quant | Seed 4] Epoch 27/30 - Acc: 0.9599
[Linear_Quant | Seed 4] Epoch 28/30 - Acc: 0.9564
[Linear_Quant | Seed 4] Epoch 29/30 - Acc: 0.9587
[Linear_Quant | Seed 4] Epoch 30/30 - Acc: 0.9596
[HfO2_Physics | Seed 0] Epoch 1/30 - Acc: 0.7044
[HfO2_Physics | Seed 0] Epoch 2/30 - Acc: 0.7971
[HfO2_Physics | Seed 0] Epoch 3/30 - Acc: 0.8296
[HfO2_Physics | Seed 0] Epoch 4/30 - Acc: 0.8929
[HfO2_Physics | Seed 0] Epoch 5/30 - Acc: 0.9119
[HfO2_Physics | Seed 0] Epoch 6/30 - Acc: 0.9153
[HfO2_Physics | Seed 0] Epoch 7/30 - Acc: 0.9250
[HfO2_Physics | Seed 0] Epoch 8/30 - Acc: 0.9244
[HfO2_Physics | Seed 0] Epoch 9/30 - Acc: 0.9273
[HfO2_Physics | Seed 0] Epoch 10/30 - Acc: 0.9342
[HfO2_Physics | Seed 0] Epoch 11/30 - Acc: 0.9351
[HfO2_Physics | Seed 0] Epoch 12/30 - Acc: 0.9376
[HfO2_Physics | Seed 0] Epoch 13/30 - Acc: 0.9387
[HfO2_Physics | Seed 0] Epoch 14/30 - Acc: 0.9406
[HfO2_Physics | Seed 0] Epoch 15/30 - Acc: 0.9403
[HfO2_Physics | Seed 0] Epoch 16/30 - Acc: 0.9402
[HfO2_Physics | Seed 0] Epoch 17/30 - Acc: 0.9449
[HfO2_Physics | Seed 0] Epoch 18/30 - Acc: 0.9450
[HfO2_Physics | Seed 0] Epoch 19/30 - Acc: 0.9426
[HfO2_Physics | Seed 0] Epoch 20/30 - Acc: 0.9470
[HfO2_Physics | Seed 0] Epoch 21/30 - Acc: 0.9474
[HfO2_Physics | Seed 0] Epoch 22/30 - Acc: 0.9483
[HfO2_Physics | Seed 0] Epoch 23/30 - Acc: 0.9516
[HfO2_Physics | Seed 0] Epoch 24/30 - Acc: 0.9501
[HfO2_Physics | Seed 0] Epoch 25/30 - Acc: 0.9510
[HfO2_Physics | Seed 0] Epoch 26/30 - Acc: 0.9520
[HfO2_Physics | Seed 0] Epoch 27/30 - Acc: 0.9503
[HfO2_Physics | Seed 0] Epoch 28/30 - Acc: 0.9527
[HfO2_Physics | Seed 0] Epoch 29/30 - Acc: 0.9539
[HfO2_Physics | Seed 0] Epoch 30/30 - Acc: 0.9542
[HfO2_Physics | Seed 1] Epoch 1/30 - Acc: 0.7631
[HfO2_Physics | Seed 1] Epoch 2/30 - Acc: 0.8557
[HfO2_Physics | Seed 1] Epoch 3/30 - Acc: 0.8880
[HfO2_Physics | Seed 1] Epoch 4/30 - Acc: 0.9029
[HfO2_Physics | Seed 1] Epoch 5/30 - Acc: 0.9115
[HfO2_Physics | Seed 1] Epoch 6/30 - Acc: 0.9180
[HfO2_Physics | Seed 1] Epoch 7/30 - Acc: 0.9205
[HfO2_Physics | Seed 1] Epoch 8/30 - Acc: 0.9248
[HfO2_Physics | Seed 1] Epoch 9/30 - Acc: 0.9275
[HfO2_Physics | Seed 1] Epoch 10/30 - Acc: 0.9294
[HfO2_Physics | Seed 1] Epoch 11/30 - Acc: 0.9338
[HfO2_Physics | Seed 1] Epoch 12/30 - Acc: 0.9351
[HfO2_Physics | Seed 1] Epoch 13/30 - Acc: 0.9340
[HfO2_Physics | Seed 1] Epoch 14/30 - Acc: 0.9374
[HfO2_Physics | Seed 1] Epoch 15/30 - Acc: 0.9390
[HfO2_Physics | Seed 1] Epoch 16/30 - Acc: 0.9432
[HfO2_Physics | Seed 1] Epoch 17/30 - Acc: 0.9440
[HfO2_Physics | Seed 1] Epoch 18/30 - Acc: 0.9459
[HfO2_Physics | Seed 1] Epoch 19/30 - Acc: 0.9473
[HfO2_Physics | Seed 1] Epoch 20/30 - Acc: 0.9441
[HfO2_Physics | Seed 1] Epoch 21/30 - Acc: 0.9471
[HfO2_Physics | Seed 1] Epoch 22/30 - Acc: 0.9464
[HfO2_Physics | Seed 1] Epoch 23/30 - Acc: 0.9497
[HfO2_Physics | Seed 1] Epoch 24/30 - Acc: 0.9499
[HfO2_Physics | Seed 1] Epoch 25/30 - Acc: 0.9491
[HfO2_Physics | Seed 1] Epoch 26/30 - Acc: 0.9510
[HfO2_Physics | Seed 1] Epoch 27/30 - Acc: 0.9531
[HfO2_Physics | Seed 1] Epoch 28/30 - Acc: 0.9510
[HfO2_Physics | Seed 1] Epoch 29/30 - Acc: 0.9525
[HfO2_Physics | Seed 1] Epoch 30/30 - Acc: 0.9513
[HfO2_Physics | Seed 2] Epoch 1/30 - Acc: 0.7111
[HfO2_Physics | Seed 2] Epoch 2/30 - Acc: 0.7804
[HfO2_Physics | Seed 2] Epoch 3/30 - Acc: 0.8040
[HfO2_Physics | Seed 2] Epoch 4/30 - Acc: 0.8203
[HfO2_Physics | Seed 2] Epoch 5/30 - Acc: 0.8263
[HfO2_Physics | Seed 2] Epoch 6/30 - Acc: 0.8338
[HfO2_Physics | Seed 2] Epoch 7/30 - Acc: 0.8341
[HfO2_Physics | Seed 2] Epoch 8/30 - Acc: 0.8372
[HfO2_Physics | Seed 2] Epoch 9/30 - Acc: 0.8402
[HfO2_Physics | Seed 2] Epoch 10/30 - Acc: 0.8423
[HfO2_Physics | Seed 2] Epoch 11/30 - Acc: 0.8462
[HfO2_Physics | Seed 2] Epoch 12/30 - Acc: 0.8475
[HfO2_Physics | Seed 2] Epoch 13/30 - Acc: 0.8465
[HfO2_Physics | Seed 2] Epoch 14/30 - Acc: 0.8505
[HfO2_Physics | Seed 2] Epoch 15/30 - Acc: 0.8510
[HfO2_Physics | Seed 2] Epoch 16/30 - Acc: 0.8522
[HfO2_Physics | Seed 2] Epoch 17/30 - Acc: 0.8548
[HfO2_Physics | Seed 2] Epoch 18/30 - Acc: 0.8534
[HfO2_Physics | Seed 2] Epoch 19/30 - Acc: 0.8532
[HfO2_Physics | Seed 2] Epoch 20/30 - Acc: 0.8537
[HfO2_Physics | Seed 2] Epoch 21/30 - Acc: 0.8551
[HfO2_Physics | Seed 2] Epoch 22/30 - Acc: 0.9376
[HfO2_Physics | Seed 2] Epoch 23/30 - Acc: 0.9492
[HfO2_Physics | Seed 2] Epoch 24/30 - Acc: 0.9484
[HfO2_Physics | Seed 2] Epoch 25/30 - Acc: 0.9521
[HfO2_Physics | Seed 2] Epoch 26/30 - Acc: 0.9489
[HfO2_Physics | Seed 2] Epoch 27/30 - Acc: 0.9524
[HfO2_Physics | Seed 2] Epoch 28/30 - Acc: 0.9534
[HfO2_Physics | Seed 2] Epoch 29/30 - Acc: 0.9528
[HfO2_Physics | Seed 2] Epoch 30/30 - Acc: 0.9539
[HfO2_Physics | Seed 3] Epoch 1/30 - Acc: 0.7098
[HfO2_Physics | Seed 3] Epoch 2/30 - Acc: 0.7894
[HfO2_Physics | Seed 3] Epoch 3/30 - Acc: 0.8111
[HfO2_Physics | Seed 3] Epoch 4/30 - Acc: 0.8205
[HfO2_Physics | Seed 3] Epoch 5/30 - Acc: 0.8279
[HfO2_Physics | Seed 3] Epoch 6/30 - Acc: 0.8337
[HfO2_Physics | Seed 3] Epoch 7/30 - Acc: 0.8396
[HfO2_Physics | Seed 3] Epoch 8/30 - Acc: 0.8437
[HfO2_Physics | Seed 3] Epoch 9/30 - Acc: 0.9258
[HfO2_Physics | Seed 3] Epoch 10/30 - Acc: 0.9307
[HfO2_Physics | Seed 3] Epoch 11/30 - Acc: 0.9320
[HfO2_Physics | Seed 3] Epoch 12/30 - Acc: 0.9376
[HfO2_Physics | Seed 3] Epoch 13/30 - Acc: 0.9370
[HfO2_Physics | Seed 3] Epoch 14/30 - Acc: 0.9416
[HfO2_Physics | Seed 3] Epoch 15/30 - Acc: 0.9404
[HfO2_Physics | Seed 3] Epoch 16/30 - Acc: 0.9398
[HfO2_Physics | Seed 3] Epoch 17/30 - Acc: 0.9436
[HfO2_Physics | Seed 3] Epoch 18/30 - Acc: 0.9446
[HfO2_Physics | Seed 3] Epoch 19/30 - Acc: 0.9473
[HfO2_Physics | Seed 3] Epoch 20/30 - Acc: 0.9494
[HfO2_Physics | Seed 3] Epoch 21/30 - Acc: 0.9486
[HfO2_Physics | Seed 3] Epoch 22/30 - Acc: 0.9502
[HfO2_Physics | Seed 3] Epoch 23/30 - Acc: 0.9520
[HfO2_Physics | Seed 3] Epoch 24/30 - Acc: 0.9505
[HfO2_Physics | Seed 3] Epoch 25/30 - Acc: 0.9508
[HfO2_Physics | Seed 3] Epoch 26/30 - Acc: 0.9498
[HfO2_Physics | Seed 3] Epoch 27/30 - Acc: 0.9532
[HfO2_Physics | Seed 3] Epoch 28/30 - Acc: 0.9518
[HfO2_Physics | Seed 3] Epoch 29/30 - Acc: 0.9532
[HfO2_Physics | Seed 3] Epoch 30/30 - Acc: 0.9548
[HfO2_Physics | Seed 4] Epoch 1/30 - Acc: 0.7684
[HfO2_Physics | Seed 4] Epoch 2/30 - Acc: 0.8526
[HfO2_Physics | Seed 4] Epoch 3/30 - Acc: 0.8766
[HfO2_Physics | Seed 4] Epoch 4/30 - Acc: 0.8955
[HfO2_Physics | Seed 4] Epoch 5/30 - Acc: 0.9052
[HfO2_Physics | Seed 4] Epoch 6/30 - Acc: 0.9109
[HfO2_Physics | Seed 4] Epoch 7/30 - Acc: 0.9183
[HfO2_Physics | Seed 4] Epoch 8/30 - Acc: 0.9261
[HfO2_Physics | Seed 4] Epoch 9/30 - Acc: 0.9283
[HfO2_Physics | Seed 4] Epoch 10/30 - Acc: 0.9321
[HfO2_Physics | Seed 4] Epoch 11/30 - Acc: 0.9354
[HfO2_Physics | Seed 4] Epoch 12/30 - Acc: 0.9341
[HfO2_Physics | Seed 4] Epoch 13/30 - Acc: 0.9366
[HfO2_Physics | Seed 4] Epoch 14/30 - Acc: 0.9409
[HfO2_Physics | Seed 4] Epoch 15/30 - Acc: 0.9400
[HfO2_Physics | Seed 4] Epoch 16/30 - Acc: 0.9383
[HfO2_Physics | Seed 4] Epoch 17/30 - Acc: 0.9442
[HfO2_Physics | Seed 4] Epoch 18/30 - Acc: 0.9453
[HfO2_Physics | Seed 4] Epoch 19/30 - Acc: 0.9442
[HfO2_Physics | Seed 4] Epoch 20/30 - Acc: 0.9479
[HfO2_Physics | Seed 4] Epoch 21/30 - Acc: 0.9485
[HfO2_Physics | Seed 4] Epoch 22/30 - Acc: 0.9464
[HfO2_Physics | Seed 4] Epoch 23/30 - Acc: 0.9491
[HfO2_Physics | Seed 4] Epoch 24/30 - Acc: 0.9499
[HfO2_Physics | Seed 4] Epoch 25/30 - Acc: 0.9490
[HfO2_Physics | Seed 4] Epoch 26/30 - Acc: 0.9476
[HfO2_Physics | Seed 4] Epoch 27/30 - Acc: 0.9498
[HfO2_Physics | Seed 4] Epoch 28/30 - Acc: 0.9514
[HfO2_Physics | Seed 4] Epoch 29/30 - Acc: 0.9518
[HfO2_Physics | Seed 4] Epoch 30/30 - Acc: 0.9521
[Noise_Aware | Seed 0] Epoch 1/30 - Acc: 0.7040
[Noise_Aware | Seed 0] Epoch 2/30 - Acc: 0.7941
[Noise_Aware | Seed 0] Epoch 3/30 - Acc: 0.8249
[Noise_Aware | Seed 0] Epoch 4/30 - Acc: 0.8940
[Noise_Aware | Seed 0] Epoch 5/30 - Acc: 0.9082
[Noise_Aware | Seed 0] Epoch 6/30 - Acc: 0.9138
[Noise_Aware | Seed 0] Epoch 7/30 - Acc: 0.9152
[Noise_Aware | Seed 0] Epoch 8/30 - Acc: 0.9229
[Noise_Aware | Seed 0] Epoch 9/30 - Acc: 0.9269
[Noise_Aware | Seed 0] Epoch 10/30 - Acc: 0.9351
[Noise_Aware | Seed 0] Epoch 11/30 - Acc: 0.9330
[Noise_Aware | Seed 0] Epoch 12/30 - Acc: 0.9356
[Noise_Aware | Seed 0] Epoch 13/30 - Acc: 0.9413
[Noise_Aware | Seed 0] Epoch 14/30 - Acc: 0.9423
[Noise_Aware | Seed 0] Epoch 15/30 - Acc: 0.9415
[Noise_Aware | Seed 0] Epoch 16/30 - Acc: 0.9439
[Noise_Aware | Seed 0] Epoch 17/30 - Acc: 0.9437
[Noise_Aware | Seed 0] Epoch 18/30 - Acc: 0.9435
[Noise_Aware | Seed 0] Epoch 19/30 - Acc: 0.9454
[Noise_Aware | Seed 0] Epoch 20/30 - Acc: 0.9472
[Noise_Aware | Seed 0] Epoch 21/30 - Acc: 0.9494
[Noise_Aware | Seed 0] Epoch 22/30 - Acc: 0.9481
[Noise_Aware | Seed 0] Epoch 23/30 - Acc: 0.9499
[Noise_Aware | Seed 0] Epoch 24/30 - Acc: 0.9511
[Noise_Aware | Seed 0] Epoch 25/30 - Acc: 0.9497
[Noise_Aware | Seed 0] Epoch 26/30 - Acc: 0.9518
[Noise_Aware | Seed 0] Epoch 27/30 - Acc: 0.9508
[Noise_Aware | Seed 0] Epoch 28/30 - Acc: 0.9520
[Noise_Aware | Seed 0] Epoch 29/30 - Acc: 0.9533
[Noise_Aware | Seed 0] Epoch 30/30 - Acc: 0.9540
[Noise_Aware | Seed 1] Epoch 1/30 - Acc: 0.7635
[Noise_Aware | Seed 1] Epoch 2/30 - Acc: 0.8500
[Noise_Aware | Seed 1] Epoch 3/30 - Acc: 0.8859
[Noise_Aware | Seed 1] Epoch 4/30 - Acc: 0.8999
[Noise_Aware | Seed 1] Epoch 5/30 - Acc: 0.9090
[Noise_Aware | Seed 1] Epoch 6/30 - Acc: 0.9159
[Noise_Aware | Seed 1] Epoch 7/30 - Acc: 0.9213
[Noise_Aware | Seed 1] Epoch 8/30 - Acc: 0.9253
[Noise_Aware | Seed 1] Epoch 9/30 - Acc: 0.9298
[Noise_Aware | Seed 1] Epoch 10/30 - Acc: 0.9315
[Noise_Aware | Seed 1] Epoch 11/30 - Acc: 0.9325
[Noise_Aware | Seed 1] Epoch 12/30 - Acc: 0.9342
[Noise_Aware | Seed 1] Epoch 13/30 - Acc: 0.9380
[Noise_Aware | Seed 1] Epoch 14/30 - Acc: 0.9419
[Noise_Aware | Seed 1] Epoch 15/30 - Acc: 0.9436
[Noise_Aware | Seed 1] Epoch 16/30 - Acc: 0.9466
[Noise_Aware | Seed 1] Epoch 17/30 - Acc: 0.9445
[Noise_Aware | Seed 1] Epoch 18/30 - Acc: 0.9453
[Noise_Aware | Seed 1] Epoch 19/30 - Acc: 0.9457
[Noise_Aware | Seed 1] Epoch 20/30 - Acc: 0.9473
[Noise_Aware | Seed 1] Epoch 21/30 - Acc: 0.9487
[Noise_Aware | Seed 1] Epoch 22/30 - Acc: 0.9508
[Noise_Aware | Seed 1] Epoch 23/30 - Acc: 0.9531
[Noise_Aware | Seed 1] Epoch 24/30 - Acc: 0.9522
[Noise_Aware | Seed 1] Epoch 25/30 - Acc: 0.9520
[Noise_Aware | Seed 1] Epoch 26/30 - Acc: 0.9541
[Noise_Aware | Seed 1] Epoch 27/30 - Acc: 0.9544
[Noise_Aware | Seed 1] Epoch 28/30 - Acc: 0.9548
[Noise_Aware | Seed 1] Epoch 29/30 - Acc: 0.9548
[Noise_Aware | Seed 1] Epoch 30/30 - Acc: 0.9563
[Noise_Aware | Seed 2] Epoch 1/30 - Acc: 0.7001
[Noise_Aware | Seed 2] Epoch 2/30 - Acc: 0.7760
[Noise_Aware | Seed 2] Epoch 3/30 - Acc: 0.8041
[Noise_Aware | Seed 2] Epoch 4/30 - Acc: 0.8179
[Noise_Aware | Seed 2] Epoch 5/30 - Acc: 0.8236
[Noise_Aware | Seed 2] Epoch 6/30 - Acc: 0.8307
[Noise_Aware | Seed 2] Epoch 7/30 - Acc: 0.8345
[Noise_Aware | Seed 2] Epoch 8/30 - Acc: 0.8357
[Noise_Aware | Seed 2] Epoch 9/30 - Acc: 0.8423
[Noise_Aware | Seed 2] Epoch 10/30 - Acc: 0.8436
[Noise_Aware | Seed 2] Epoch 11/30 - Acc: 0.8460
[Noise_Aware | Seed 2] Epoch 12/30 - Acc: 0.8474
[Noise_Aware | Seed 2] Epoch 13/30 - Acc: 0.8472
[Noise_Aware | Seed 2] Epoch 14/30 - Acc: 0.8496
[Noise_Aware | Seed 2] Epoch 15/30 - Acc: 0.8512
[Noise_Aware | Seed 2] Epoch 16/30 - Acc: 0.8526
[Noise_Aware | Seed 2] Epoch 17/30 - Acc: 0.8537
[Noise_Aware | Seed 2] Epoch 18/30 - Acc: 0.8512
[Noise_Aware | Seed 2] Epoch 19/30 - Acc: 0.8519
[Noise_Aware | Seed 2] Epoch 20/30 - Acc: 0.8542
[Noise_Aware | Seed 2] Epoch 21/30 - Acc: 0.8572
[Noise_Aware | Seed 2] Epoch 22/30 - Acc: 0.8559
[Noise_Aware | Seed 2] Epoch 23/30 - Acc: 0.8581
[Noise_Aware | Seed 2] Epoch 24/30 - Acc: 0.8592
[Noise_Aware | Seed 2] Epoch 25/30 - Acc: 0.8582
[Noise_Aware | Seed 2] Epoch 26/30 - Acc: 0.8572
[Noise_Aware | Seed 2] Epoch 27/30 - Acc: 0.8585
[Noise_Aware | Seed 2] Epoch 28/30 - Acc: 0.8585
[Noise_Aware | Seed 2] Epoch 29/30 - Acc: 0.8582
[Noise_Aware | Seed 2] Epoch 30/30 - Acc: 0.8575
[Noise_Aware | Seed 3] Epoch 1/30 - Acc: 0.7093
[Noise_Aware | Seed 3] Epoch 2/30 - Acc: 0.7887
[Noise_Aware | Seed 3] Epoch 3/30 - Acc: 0.8093
[Noise_Aware | Seed 3] Epoch 4/30 - Acc: 0.8232
[Noise_Aware | Seed 3] Epoch 5/30 - Acc: 0.8280
[Noise_Aware | Seed 3] Epoch 6/30 - Acc: 0.8339
[Noise_Aware | Seed 3] Epoch 7/30 - Acc: 0.9152
[Noise_Aware | Seed 3] Epoch 8/30 - Acc: 0.9234
[Noise_Aware | Seed 3] Epoch 9/30 - Acc: 0.9244
[Noise_Aware | Seed 3] Epoch 10/30 - Acc: 0.9286
[Noise_Aware | Seed 3] Epoch 11/30 - Acc: 0.9319
[Noise_Aware | Seed 3] Epoch 12/30 - Acc: 0.9342
[Noise_Aware | Seed 3] Epoch 13/30 - Acc: 0.9375
[Noise_Aware | Seed 3] Epoch 14/30 - Acc: 0.9413
[Noise_Aware | Seed 3] Epoch 15/30 - Acc: 0.9418
[Noise_Aware | Seed 3] Epoch 16/30 - Acc: 0.9419
[Noise_Aware | Seed 3] Epoch 17/30 - Acc: 0.9430
[Noise_Aware | Seed 3] Epoch 18/30 - Acc: 0.9437
[Noise_Aware | Seed 3] Epoch 19/30 - Acc: 0.9464
[Noise_Aware | Seed 3] Epoch 20/30 - Acc: 0.9461
[Noise_Aware | Seed 3] Epoch 21/30 - Acc: 0.9479
[Noise_Aware | Seed 3] Epoch 22/30 - Acc: 0.9498
[Noise_Aware | Seed 3] Epoch 23/30 - Acc: 0.9503
[Noise_Aware | Seed 3] Epoch 24/30 - Acc: 0.9508
[Noise_Aware | Seed 3] Epoch 25/30 - Acc: 0.9513
[Noise_Aware | Seed 3] Epoch 26/30 - Acc: 0.9524
[Noise_Aware | Seed 3] Epoch 27/30 - Acc: 0.9538
[Noise_Aware | Seed 3] Epoch 28/30 - Acc: 0.9518
[Noise_Aware | Seed 3] Epoch 29/30 - Acc: 0.9535
[Noise_Aware | Seed 3] Epoch 30/30 - Acc: 0.9536
[Noise_Aware | Seed 4] Epoch 1/30 - Acc: 0.7551
[Noise_Aware | Seed 4] Epoch 2/30 - Acc: 0.8538
[Noise_Aware | Seed 4] Epoch 3/30 - Acc: 0.8828
[Noise_Aware | Seed 4] Epoch 4/30 - Acc: 0.8931
[Noise_Aware | Seed 4] Epoch 5/30 - Acc: 0.9095
[Noise_Aware | Seed 4] Epoch 6/30 - Acc: 0.9094
[Noise_Aware | Seed 4] Epoch 7/30 - Acc: 0.9197
[Noise_Aware | Seed 4] Epoch 8/30 - Acc: 0.9249
[Noise_Aware | Seed 4] Epoch 9/30 - Acc: 0.9279
[Noise_Aware | Seed 4] Epoch 10/30 - Acc: 0.9307
[Noise_Aware | Seed 4] Epoch 11/30 - Acc: 0.9338
[Noise_Aware | Seed 4] Epoch 12/30 - Acc: 0.9386
[Noise_Aware | Seed 4] Epoch 13/30 - Acc: 0.9384
[Noise_Aware | Seed 4] Epoch 14/30 - Acc: 0.9385
[Noise_Aware | Seed 4] Epoch 15/30 - Acc: 0.9426
[Noise_Aware | Seed 4] Epoch 16/30 - Acc: 0.9420
[Noise_Aware | Seed 4] Epoch 17/30 - Acc: 0.9442
[Noise_Aware | Seed 4] Epoch 18/30 - Acc: 0.9447
[Noise_Aware | Seed 4] Epoch 19/30 - Acc: 0.9478
[Noise_Aware | Seed 4] Epoch 20/30 - Acc: 0.9498
[Noise_Aware | Seed 4] Epoch 21/30 - Acc: 0.9487
[Noise_Aware | Seed 4] Epoch 22/30 - Acc: 0.9463
[Noise_Aware | Seed 4] Epoch 23/30 - Acc: 0.9499
[Noise_Aware | Seed 4] Epoch 24/30 - Acc: 0.9516
[Noise_Aware | Seed 4] Epoch 25/30 - Acc: 0.9532
[Noise_Aware | Seed 4] Epoch 26/30 - Acc: 0.9521
[Noise_Aware | Seed 4] Epoch 27/30 - Acc: 0.9523
[Noise_Aware | Seed 4] Epoch 28/30 - Acc: 0.9516
[Noise_Aware | Seed 4] Epoch 29/30 - Acc: 0.9537
[Noise_Aware | Seed 4] Epoch 30/30 - Acc: 0.9555
