nohup: ignoring input
[Ideal_FP32 | Seed 0] Epoch 1/30 - Acc: 0.8672
[Ideal_FP32 | Seed 0] Epoch 2/30 - Acc: 0.9045
[Ideal_FP32 | Seed 0] Epoch 3/30 - Acc: 0.9168
[Ideal_FP32 | Seed 0] Epoch 4/30 - Acc: 0.9246
[Ideal_FP32 | Seed 0] Epoch 5/30 - Acc: 0.9294
[Ideal_FP32 | Seed 0] Epoch 6/30 - Acc: 0.9344
[Ideal_FP32 | Seed 0] Epoch 7/30 - Acc: 0.9371
[Ideal_FP32 | Seed 0] Epoch 8/30 - Acc: 0.9416
[Ideal_FP32 | Seed 0] Epoch 9/30 - Acc: 0.9430
[Ideal_FP32 | Seed 0] Epoch 10/30 - Acc: 0.9457
[Ideal_FP32 | Seed 0] Epoch 11/30 - Acc: 0.9475
[Ideal_FP32 | Seed 0] Epoch 12/30 - Acc: 0.9493
[Ideal_FP32 | Seed 0] Epoch 13/30 - Acc: 0.9507
[Ideal_FP32 | Seed 0] Epoch 14/30 - Acc: 0.9531
[Ideal_FP32 | Seed 0] Epoch 15/30 - Acc: 0.9539
[Ideal_FP32 | Seed 0] Epoch 16/30 - Acc: 0.9518
[Ideal_FP32 | Seed 0] Epoch 17/30 - Acc: 0.9562
[Ideal_FP32 | Seed 0] Epoch 18/30 - Acc: 0.9543
[Ideal_FP32 | Seed 0] Epoch 19/30 - Acc: 0.9571
[Ideal_FP32 | Seed 0] Epoch 20/30 - Acc: 0.9580
[Ideal_FP32 | Seed 0] Epoch 21/30 - Acc: 0.9586
[Ideal_FP32 | Seed 0] Epoch 22/30 - Acc: 0.9586
[Ideal_FP32 | Seed 0] Epoch 23/30 - Acc: 0.9599
[Ideal_FP32 | Seed 0] Epoch 24/30 - Acc: 0.9627
[Ideal_FP32 | Seed 0] Epoch 25/30 - Acc: 0.9606
[Ideal_FP32 | Seed 0] Epoch 26/30 - Acc: 0.9624
[Ideal_FP32 | Seed 0] Epoch 27/30 - Acc: 0.9612
[Ideal_FP32 | Seed 0] Epoch 28/30 - Acc: 0.9624
[Ideal_FP32 | Seed 0] Epoch 29/30 - Acc: 0.9630
[Ideal_FP32 | Seed 0] Epoch 30/30 - Acc: 0.9614
[Ideal_FP32 | Seed 1] Epoch 1/30 - Acc: 0.8687
[Ideal_FP32 | Seed 1] Epoch 2/30 - Acc: 0.9074
[Ideal_FP32 | Seed 1] Epoch 3/30 - Acc: 0.9218
[Ideal_FP32 | Seed 1] Epoch 4/30 - Acc: 0.9279
[Ideal_FP32 | Seed 1] Epoch 5/30 - Acc: 0.9344
[Ideal_FP32 | Seed 1] Epoch 6/30 - Acc: 0.9372
[Ideal_FP32 | Seed 1] Epoch 7/30 - Acc: 0.9429
[Ideal_FP32 | Seed 1] Epoch 8/30 - Acc: 0.9465
[Ideal_FP32 | Seed 1] Epoch 9/30 - Acc: 0.9482
[Ideal_FP32 | Seed 1] Epoch 10/30 - Acc: 0.9512
[Ideal_FP32 | Seed 1] Epoch 11/30 - Acc: 0.9523
[Ideal_FP32 | Seed 1] Epoch 12/30 - Acc: 0.9552
[Ideal_FP32 | Seed 1] Epoch 13/30 - Acc: 0.9553
[Ideal_FP32 | Seed 1] Epoch 14/30 - Acc: 0.9555
[Ideal_FP32 | Seed 1] Epoch 15/30 - Acc: 0.9572
[Ideal_FP32 | Seed 1] Epoch 16/30 - Acc: 0.9568
[Ideal_FP32 | Seed 1] Epoch 17/30 - Acc: 0.9587
[Ideal_FP32 | Seed 1] Epoch 18/30 - Acc: 0.9599
[Ideal_FP32 | Seed 1] Epoch 19/30 - Acc: 0.9592
[Ideal_FP32 | Seed 1] Epoch 20/30 - Acc: 0.9610
[Ideal_FP32 | Seed 1] Epoch 21/30 - Acc: 0.9608
[Ideal_FP32 | Seed 1] Epoch 22/30 - Acc: 0.9624
[Ideal_FP32 | Seed 1] Epoch 23/30 - Acc: 0.9622
[Ideal_FP32 | Seed 1] Epoch 24/30 - Acc: 0.9634
[Ideal_FP32 | Seed 1] Epoch 25/30 - Acc: 0.9618
[Ideal_FP32 | Seed 1] Epoch 26/30 - Acc: 0.9636
[Ideal_FP32 | Seed 1] Epoch 27/30 - Acc: 0.9639
[Ideal_FP32 | Seed 1] Epoch 28/30 - Acc: 0.9629
[Ideal_FP32 | Seed 1] Epoch 29/30 - Acc: 0.9630
[Ideal_FP32 | Seed 1] Epoch 30/30 - Acc: 0.9666
[Ideal_FP32 | Seed 2] Epoch 1/30 - Acc: 0.7903
[Ideal_FP32 | Seed 2] Epoch 2/30 - Acc: 0.8178
[Ideal_FP32 | Seed 2] Epoch 3/30 - Acc: 0.8296
[Ideal_FP32 | Seed 2] Epoch 4/30 - Acc: 0.8377
[Ideal_FP32 | Seed 2] Epoch 5/30 - Acc: 0.8421
[Ideal_FP32 | Seed 2] Epoch 6/30 - Acc: 0.8481
[Ideal_FP32 | Seed 2] Epoch 7/30 - Acc: 0.8478
[Ideal_FP32 | Seed 2] Epoch 8/30 - Acc: 0.9428
[Ideal_FP32 | Seed 2] Epoch 9/30 - Acc: 0.9458
[Ideal_FP32 | Seed 2] Epoch 10/30 - Acc: 0.9461
[Ideal_FP32 | Seed 2] Epoch 11/30 - Acc: 0.9496
[Ideal_FP32 | Seed 2] Epoch 12/30 - Acc: 0.9520
[Ideal_FP32 | Seed 2] Epoch 13/30 - Acc: 0.9538
[Ideal_FP32 | Seed 2] Epoch 14/30 - Acc: 0.9549
[Ideal_FP32 | Seed 2] Epoch 15/30 - Acc: 0.9564
[Ideal_FP32 | Seed 2] Epoch 16/30 - Acc: 0.9582
[Ideal_FP32 | Seed 2] Epoch 17/30 - Acc: 0.9580
[Ideal_FP32 | Seed 2] Epoch 18/30 - Acc: 0.9595
[Ideal_FP32 | Seed 2] Epoch 19/30 - Acc: 0.9598
[Ideal_FP32 | Seed 2] Epoch 20/30 - Acc: 0.9603
[Ideal_FP32 | Seed 2] Epoch 21/30 - Acc: 0.9607
[Ideal_FP32 | Seed 2] Epoch 22/30 - Acc: 0.9644
[Ideal_FP32 | Seed 2] Epoch 23/30 - Acc: 0.9621
[Ideal_FP32 | Seed 2] Epoch 24/30 - Acc: 0.9625
[Ideal_FP32 | Seed 2] Epoch 25/30 - Acc: 0.9628
[Ideal_FP32 | Seed 2] Epoch 26/30 - Acc: 0.9629
[Ideal_FP32 | Seed 2] Epoch 27/30 - Acc: 0.9636
[Ideal_FP32 | Seed 2] Epoch 28/30 - Acc: 0.9646
[Ideal_FP32 | Seed 2] Epoch 29/30 - Acc: 0.9636
[Ideal_FP32 | Seed 2] Epoch 30/30 - Acc: 0.9636
[Ideal_FP32 | Seed 3] Epoch 1/30 - Acc: 0.8021
[Ideal_FP32 | Seed 3] Epoch 2/30 - Acc: 0.8275
[Ideal_FP32 | Seed 3] Epoch 3/30 - Acc: 0.8346
[Ideal_FP32 | Seed 3] Epoch 4/30 - Acc: 0.8411
[Ideal_FP32 | Seed 3] Epoch 5/30 - Acc: 0.8490
[Ideal_FP32 | Seed 3] Epoch 6/30 - Acc: 0.8500
[Ideal_FP32 | Seed 3] Epoch 7/30 - Acc: 0.9395
[Ideal_FP32 | Seed 3] Epoch 8/30 - Acc: 0.9433
[Ideal_FP32 | Seed 3] Epoch 9/30 - Acc: 0.9455
[Ideal_FP32 | Seed 3] Epoch 10/30 - Acc: 0.9472
[Ideal_FP32 | Seed 3] Epoch 11/30 - Acc: 0.9505
[Ideal_FP32 | Seed 3] Epoch 12/30 - Acc: 0.9522
[Ideal_FP32 | Seed 3] Epoch 13/30 - Acc: 0.9547
[Ideal_FP32 | Seed 3] Epoch 14/30 - Acc: 0.9531
[Ideal_FP32 | Seed 3] Epoch 15/30 - Acc: 0.9543
[Ideal_FP32 | Seed 3] Epoch 16/30 - Acc: 0.9552
[Ideal_FP32 | Seed 3] Epoch 17/30 - Acc: 0.9574
[Ideal_FP32 | Seed 3] Epoch 18/30 - Acc: 0.9570
[Ideal_FP32 | Seed 3] Epoch 19/30 - Acc: 0.9589
[Ideal_FP32 | Seed 3] Epoch 20/30 - Acc: 0.9601
[Ideal_FP32 | Seed 3] Epoch 21/30 - Acc: 0.9599
[Ideal_FP32 | Seed 3] Epoch 22/30 - Acc: 0.9617
[Ideal_FP32 | Seed 3] Epoch 23/30 - Acc: 0.9607
[Ideal_FP32 | Seed 3] Epoch 24/30 - Acc: 0.9626
[Ideal_FP32 | Seed 3] Epoch 25/30 - Acc: 0.9643
[Ideal_FP32 | Seed 3] Epoch 26/30 - Acc: 0.9630
[Ideal_FP32 | Seed 3] Epoch 27/30 - Acc: 0.9631
[Ideal_FP32 | Seed 3] Epoch 28/30 - Acc: 0.9627
[Ideal_FP32 | Seed 3] Epoch 29/30 - Acc: 0.9640
[Ideal_FP32 | Seed 3] Epoch 30/30 - Acc: 0.9652
[Ideal_FP32 | Seed 4] Epoch 1/30 - Acc: 0.8694
[Ideal_FP32 | Seed 4] Epoch 2/30 - Acc: 0.9039
[Ideal_FP32 | Seed 4] Epoch 3/30 - Acc: 0.9171
[Ideal_FP32 | Seed 4] Epoch 4/30 - Acc: 0.9245
[Ideal_FP32 | Seed 4] Epoch 5/30 - Acc: 0.9314
[Ideal_FP32 | Seed 4] Epoch 6/30 - Acc: 0.9365
[Ideal_FP32 | Seed 4] Epoch 7/30 - Acc: 0.9390
[Ideal_FP32 | Seed 4] Epoch 8/30 - Acc: 0.9423
[Ideal_FP32 | Seed 4] Epoch 9/30 - Acc: 0.9452
[Ideal_FP32 | Seed 4] Epoch 10/30 - Acc: 0.9498
[Ideal_FP32 | Seed 4] Epoch 11/30 - Acc: 0.9516
[Ideal_FP32 | Seed 4] Epoch 12/30 - Acc: 0.9521
[Ideal_FP32 | Seed 4] Epoch 13/30 - Acc: 0.9504
[Ideal_FP32 | Seed 4] Epoch 14/30 - Acc: 0.9534
[Ideal_FP32 | Seed 4] Epoch 15/30 - Acc: 0.9545
[Ideal_FP32 | Seed 4] Epoch 16/30 - Acc: 0.9579
[Ideal_FP32 | Seed 4] Epoch 17/30 - Acc: 0.9582
[Ideal_FP32 | Seed 4] Epoch 18/30 - Acc: 0.9581
[Ideal_FP32 | Seed 4] Epoch 19/30 - Acc: 0.9601
[Ideal_FP32 | Seed 4] Epoch 20/30 - Acc: 0.9609
[Ideal_FP32 | Seed 4] Epoch 21/30 - Acc: 0.9619
[Ideal_FP32 | Seed 4] Epoch 22/30 - Acc: 0.9622
[Ideal_FP32 | Seed 4] Epoch 23/30 - Acc: 0.9628
[Ideal_FP32 | Seed 4] Epoch 24/30 - Acc: 0.9651
[Ideal_FP32 | Seed 4] Epoch 25/30 - Acc: 0.9641
[Ideal_FP32 | Seed 4] Epoch 26/30 - Acc: 0.9640
[Ideal_FP32 | Seed 4] Epoch 27/30 - Acc: 0.9651
[Ideal_FP32 | Seed 4] Epoch 28/30 - Acc: 0.9647
[Ideal_FP32 | Seed 4] Epoch 29/30 - Acc: 0.9644
[Ideal_FP32 | Seed 4] Epoch 30/30 - Acc: 0.9658
[Linear_Quant | Seed 0] Epoch 1/30 - Acc: 0.8650
[Linear_Quant | Seed 0] Epoch 2/30 - Acc: 0.9011
[Linear_Quant | Seed 0] Epoch 3/30 - Acc: 0.9162
[Linear_Quant | Seed 0] Epoch 4/30 - Acc: 0.9250
[Linear_Quant | Seed 0] Epoch 5/30 - Acc: 0.9293
[Linear_Quant | Seed 0] Epoch 6/30 - Acc: 0.9334
[Linear_Quant | Seed 0] Epoch 7/30 - Acc: 0.9391
[Linear_Quant | Seed 0] Epoch 8/30 - Acc: 0.9427
[Linear_Quant | Seed 0] Epoch 9/30 - Acc: 0.9445
[Linear_Quant | Seed 0] Epoch 10/30 - Acc: 0.9443
[Linear_Quant | Seed 0] Epoch 11/30 - Acc: 0.9474
[Linear_Quant | Seed 0] Epoch 12/30 - Acc: 0.9493
[Linear_Quant | Seed 0] Epoch 13/30 - Acc: 0.9492
[Linear_Quant | Seed 0] Epoch 14/30 - Acc: 0.9529
[Linear_Quant | Seed 0] Epoch 15/30 - Acc: 0.9529
[Linear_Quant | Seed 0] Epoch 16/30 - Acc: 0.9529
[Linear_Quant | Seed 0] Epoch 17/30 - Acc: 0.9546
[Linear_Quant | Seed 0] Epoch 18/30 - Acc: 0.9546
[Linear_Quant | Seed 0] Epoch 19/30 - Acc: 0.9556
[Linear_Quant | Seed 0] Epoch 20/30 - Acc: 0.9561
[Linear_Quant | Seed 0] Epoch 21/30 - Acc: 0.9566
[Linear_Quant | Seed 0] Epoch 22/30 - Acc: 0.9574
[Linear_Quant | Seed 0] Epoch 23/30 - Acc: 0.9587
[Linear_Quant | Seed 0] Epoch 24/30 - Acc: 0.9597
[Linear_Quant | Seed 0] Epoch 25/30 - Acc: 0.9579
[Linear_Quant | Seed 0] Epoch 26/30 - Acc: 0.9596
[Linear_Quant | Seed 0] Epoch 27/30 - Acc: 0.9591
[Linear_Quant | Seed 0] Epoch 28/30 - Acc: 0.9609
[Linear_Quant | Seed 0] Epoch 29/30 - Acc: 0.9616
[Linear_Quant | Seed 0] Epoch 30/30 - Acc: 0.9611
[Linear_Quant | Seed 1] Epoch 1/30 - Acc: 0.8696
[Linear_Quant | Seed 1] Epoch 2/30 - Acc: 0.9056
[Linear_Quant | Seed 1] Epoch 3/30 - Acc: 0.9236
[Linear_Quant | Seed 1] Epoch 4/30 - Acc: 0.9271
[Linear_Quant | Seed 1] Epoch 5/30 - Acc: 0.9334
[Linear_Quant | Seed 1] Epoch 6/30 - Acc: 0.9368
[Linear_Quant | Seed 1] Epoch 7/30 - Acc: 0.9431
[Linear_Quant | Seed 1] Epoch 8/30 - Acc: 0.9461
[Linear_Quant | Seed 1] Epoch 9/30 - Acc: 0.9481
[Linear_Quant | Seed 1] Epoch 10/30 - Acc: 0.9503
[Linear_Quant | Seed 1] Epoch 11/30 - Acc: 0.9509
[Linear_Quant | Seed 1] Epoch 12/30 - Acc: 0.9544
[Linear_Quant | Seed 1] Epoch 13/30 - Acc: 0.9537
[Linear_Quant | Seed 1] Epoch 14/30 - Acc: 0.9542
[Linear_Quant | Seed 1] Epoch 15/30 - Acc: 0.9559
[Linear_Quant | Seed 1] Epoch 16/30 - Acc: 0.9565
[Linear_Quant | Seed 1] Epoch 17/30 - Acc: 0.9554
[Linear_Quant | Seed 1] Epoch 18/30 - Acc: 0.9577
[Linear_Quant | Seed 1] Epoch 19/30 - Acc: 0.9573
[Linear_Quant | Seed 1] Epoch 20/30 - Acc: 0.9583
[Linear_Quant | Seed 1] Epoch 21/30 - Acc: 0.9607
[Linear_Quant | Seed 1] Epoch 22/30 - Acc: 0.9603
[Linear_Quant | Seed 1] Epoch 23/30 - Acc: 0.9605
[Linear_Quant | Seed 1] Epoch 24/30 - Acc: 0.9607
[Linear_Quant | Seed 1] Epoch 25/30 - Acc: 0.9605
[Linear_Quant | Seed 1] Epoch 26/30 - Acc: 0.9617
[Linear_Quant | Seed 1] Epoch 27/30 - Acc: 0.9626
[Linear_Quant | Seed 1] Epoch 28/30 - Acc: 0.9622
[Linear_Quant | Seed 1] Epoch 29/30 - Acc: 0.9629
[Linear_Quant | Seed 1] Epoch 30/30 - Acc: 0.9638
[Linear_Quant | Seed 2] Epoch 1/30 - Acc: 0.7902
[Linear_Quant | Seed 2] Epoch 2/30 - Acc: 0.8176
[Linear_Quant | Seed 2] Epoch 3/30 - Acc: 0.8296
[Linear_Quant | Seed 2] Epoch 4/30 - Acc: 0.8381
[Linear_Quant | Seed 2] Epoch 5/30 - Acc: 0.8417
[Linear_Quant | Seed 2] Epoch 6/30 - Acc: 0.9317
[Linear_Quant | Seed 2] Epoch 7/30 - Acc: 0.9375
[Linear_Quant | Seed 2] Epoch 8/30 - Acc: 0.9416
[Linear_Quant | Seed 2] Epoch 9/30 - Acc: 0.9447
[Linear_Quant | Seed 2] Epoch 10/30 - Acc: 0.9466
[Linear_Quant | Seed 2] Epoch 11/30 - Acc: 0.9512
[Linear_Quant | Seed 2] Epoch 12/30 - Acc: 0.9495
[Linear_Quant | Seed 2] Epoch 13/30 - Acc: 0.9529
[Linear_Quant | Seed 2] Epoch 14/30 - Acc: 0.9536
[Linear_Quant | Seed 2] Epoch 15/30 - Acc: 0.9545
[Linear_Quant | Seed 2] Epoch 16/30 - Acc: 0.9567
[Linear_Quant | Seed 2] Epoch 17/30 - Acc: 0.9573
[Linear_Quant | Seed 2] Epoch 18/30 - Acc: 0.9573
[Linear_Quant | Seed 2] Epoch 19/30 - Acc: 0.9563
[Linear_Quant | Seed 2] Epoch 20/30 - Acc: 0.9568
[Linear_Quant | Seed 2] Epoch 21/30 - Acc: 0.9588
[Linear_Quant | Seed 2] Epoch 22/30 - Acc: 0.9597
[Linear_Quant | Seed 2] Epoch 23/30 - Acc: 0.9608
[Linear_Quant | Seed 2] Epoch 24/30 - Acc: 0.9605
[Linear_Quant | Seed 2] Epoch 25/30 - Acc: 0.9620
[Linear_Quant | Seed 2] Epoch 26/30 - Acc: 0.9620
[Linear_Quant | Seed 2] Epoch 27/30 - Acc: 0.9613
[Linear_Quant | Seed 2] Epoch 28/30 - Acc: 0.9637
[Linear_Quant | Seed 2] Epoch 29/30 - Acc: 0.9634
[Linear_Quant | Seed 2] Epoch 30/30 - Acc: 0.9620
[Linear_Quant | Seed 3] Epoch 1/30 - Acc: 0.8035
[Linear_Quant | Seed 3] Epoch 2/30 - Acc: 0.8272
[Linear_Quant | Seed 3] Epoch 3/30 - Acc: 0.8332
[Linear_Quant | Seed 3] Epoch 4/30 - Acc: 0.8433
[Linear_Quant | Seed 3] Epoch 5/30 - Acc: 0.8469
[Linear_Quant | Seed 3] Epoch 6/30 - Acc: 0.8494
[Linear_Quant | Seed 3] Epoch 7/30 - Acc: 0.9387
[Linear_Quant | Seed 3] Epoch 8/30 - Acc: 0.9407
[Linear_Quant | Seed 3] Epoch 9/30 - Acc: 0.9433
[Linear_Quant | Seed 3] Epoch 10/30 - Acc: 0.9468
[Linear_Quant | Seed 3] Epoch 11/30 - Acc: 0.9479
[Linear_Quant | Seed 3] Epoch 12/30 - Acc: 0.9507
[Linear_Quant | Seed 3] Epoch 13/30 - Acc: 0.9518
[Linear_Quant | Seed 3] Epoch 14/30 - Acc: 0.9533
[Linear_Quant | Seed 3] Epoch 15/30 - Acc: 0.9554
[Linear_Quant | Seed 3] Epoch 16/30 - Acc: 0.9550
[Linear_Quant | Seed 3] Epoch 17/30 - Acc: 0.9554
[Linear_Quant | Seed 3] Epoch 18/30 - Acc: 0.9573
[Linear_Quant | Seed 3] Epoch 19/30 - Acc: 0.9576
[Linear_Quant | Seed 3] Epoch 20/30 - Acc: 0.9565
[Linear_Quant | Seed 3] Epoch 21/30 - Acc: 0.9582
[Linear_Quant | Seed 3] Epoch 22/30 - Acc: 0.9595
[Linear_Quant | Seed 3] Epoch 23/30 - Acc: 0.9591
[Linear_Quant | Seed 3] Epoch 24/30 - Acc: 0.9612
[Linear_Quant | Seed 3] Epoch 25/30 - Acc: 0.9612
[Linear_Quant | Seed 3] Epoch 26/30 - Acc: 0.9635
[Linear_Quant | Seed 3] Epoch 27/30 - Acc: 0.9615
[Linear_Quant | Seed 3] Epoch 28/30 - Acc: 0.9630
[Linear_Quant | Seed 3] Epoch 29/30 - Acc: 0.9634
[Linear_Quant | Seed 3] Epoch 30/30 - Acc: 0.9651
[Linear_Quant | Seed 4] Epoch 1/30 - Acc: 0.8676
[Linear_Quant | Seed 4] Epoch 2/30 - Acc: 0.9034
[Linear_Quant | Seed 4] Epoch 3/30 - Acc: 0.9172
[Linear_Quant | Seed 4] Epoch 4/30 - Acc: 0.9237
[Linear_Quant | Seed 4] Epoch 5/30 - Acc: 0.9323
[Linear_Quant | Seed 4] Epoch 6/30 - Acc: 0.9370
[Linear_Quant | Seed 4] Epoch 7/30 - Acc: 0.9394
[Linear_Quant | Seed 4] Epoch 8/30 - Acc: 0.9426
[Linear_Quant | Seed 4] Epoch 9/30 - Acc: 0.9443
[Linear_Quant | Seed 4] Epoch 10/30 - Acc: 0.9495
[Linear_Quant | Seed 4] Epoch 11/30 - Acc: 0.9516
[Linear_Quant | Seed 4] Epoch 12/30 - Acc: 0.9517
[Linear_Quant | Seed 4] Epoch 13/30 - Acc: 0.9508
[Linear_Quant | Seed 4] Epoch 14/30 - Acc: 0.9528
[Linear_Quant | Seed 4] Epoch 15/30 - Acc: 0.9555
[Linear_Quant | Seed 4] Epoch 16/30 - Acc: 0.9554
[Linear_Quant | Seed 4] Epoch 17/30 - Acc: 0.9568
[Linear_Quant | Seed 4] Epoch 18/30 - Acc: 0.9559
[Linear_Quant | Seed 4] Epoch 19/30 - Acc: 0.9574
[Linear_Quant | Seed 4] Epoch 20/30 - Acc: 0.9578
[Linear_Quant | Seed 4] Epoch 21/30 - Acc: 0.9586
[Linear_Quant | Seed 4] Epoch 22/30 - Acc: 0.9602
[Linear_Quant | Seed 4] Epoch 23/30 - Acc: 0.9614
[Linear_Quant | Seed 4] Epoch 24/30 - Acc: 0.9624
[Linear_Quant | Seed 4] Epoch 25/30 - Acc: 0.9613
[Linear_Quant | Seed 4] Epoch 26/30 - Acc: 0.9615
[Linear_Quant | Seed 4] Epoch 27/30 - Acc: 0.9629
[Linear_Quant | Seed 4] Epoch 28/30 - Acc: 0.9622
[Linear_Quant | Seed 4] Epoch 29/30 - Acc: 0.9630
[Linear_Quant | Seed 4] Epoch 30/30 - Acc: 0.9628
[HfO2_Physics | Seed 0] Epoch 1/30 - Acc: 0.8300
[HfO2_Physics | Seed 0] Epoch 2/30 - Acc: 0.8864
[HfO2_Physics | Seed 0] Epoch 3/30 - Acc: 0.9049
[HfO2_Physics | Seed 0] Epoch 4/30 - Acc: 0.9163
[HfO2_Physics | Seed 0] Epoch 5/30 - Acc: 0.9238
[HfO2_Physics | Seed 0] Epoch 6/30 - Acc: 0.9277
[HfO2_Physics | Seed 0] Epoch 7/30 - Acc: 0.9311
[HfO2_Physics | Seed 0] Epoch 8/30 - Acc: 0.9362
[HfO2_Physics | Seed 0] Epoch 9/30 - Acc: 0.9359
[HfO2_Physics | Seed 0] Epoch 10/30 - Acc: 0.9393
[HfO2_Physics | Seed 0] Epoch 11/30 - Acc: 0.9441
[HfO2_Physics | Seed 0] Epoch 12/30 - Acc: 0.9438
[HfO2_Physics | Seed 0] Epoch 13/30 - Acc: 0.9437
[HfO2_Physics | Seed 0] Epoch 14/30 - Acc: 0.9476
[HfO2_Physics | Seed 0] Epoch 15/30 - Acc: 0.9489
[HfO2_Physics | Seed 0] Epoch 16/30 - Acc: 0.9490
[HfO2_Physics | Seed 0] Epoch 17/30 - Acc: 0.9522
[HfO2_Physics | Seed 0] Epoch 18/30 - Acc: 0.9511
[HfO2_Physics | Seed 0] Epoch 19/30 - Acc: 0.9507
[HfO2_Physics | Seed 0] Epoch 20/30 - Acc: 0.9512
[HfO2_Physics | Seed 0] Epoch 21/30 - Acc: 0.9522
[HfO2_Physics | Seed 0] Epoch 22/30 - Acc: 0.9549
[HfO2_Physics | Seed 0] Epoch 23/30 - Acc: 0.9541
[HfO2_Physics | Seed 0] Epoch 24/30 - Acc: 0.9548
[HfO2_Physics | Seed 0] Epoch 25/30 - Acc: 0.9558
[HfO2_Physics | Seed 0] Epoch 26/30 - Acc: 0.9560
[HfO2_Physics | Seed 0] Epoch 27/30 - Acc: 0.9546
[HfO2_Physics | Seed 0] Epoch 28/30 - Acc: 0.9562
[HfO2_Physics | Seed 0] Epoch 29/30 - Acc: 0.9576
[HfO2_Physics | Seed 0] Epoch 30/30 - Acc: 0.9577
[HfO2_Physics | Seed 1] Epoch 1/30 - Acc: 0.8355
[HfO2_Physics | Seed 1] Epoch 2/30 - Acc: 0.8920
[HfO2_Physics | Seed 1] Epoch 3/30 - Acc: 0.9120
[HfO2_Physics | Seed 1] Epoch 4/30 - Acc: 0.9156
[HfO2_Physics | Seed 1] Epoch 5/30 - Acc: 0.9242
[HfO2_Physics | Seed 1] Epoch 6/30 - Acc: 0.9293
[HfO2_Physics | Seed 1] Epoch 7/30 - Acc: 0.9332
[HfO2_Physics | Seed 1] Epoch 8/30 - Acc: 0.9370
[HfO2_Physics | Seed 1] Epoch 9/30 - Acc: 0.9424
[HfO2_Physics | Seed 1] Epoch 10/30 - Acc: 0.9435
[HfO2_Physics | Seed 1] Epoch 11/30 - Acc: 0.9449
[HfO2_Physics | Seed 1] Epoch 12/30 - Acc: 0.9460
[HfO2_Physics | Seed 1] Epoch 13/30 - Acc: 0.9469
[HfO2_Physics | Seed 1] Epoch 14/30 - Acc: 0.9468
[HfO2_Physics | Seed 1] Epoch 15/30 - Acc: 0.9498
[HfO2_Physics | Seed 1] Epoch 16/30 - Acc: 0.9497
[HfO2_Physics | Seed 1] Epoch 17/30 - Acc: 0.9494
[HfO2_Physics | Seed 1] Epoch 18/30 - Acc: 0.9507
[HfO2_Physics | Seed 1] Epoch 19/30 - Acc: 0.9543
[HfO2_Physics | Seed 1] Epoch 20/30 - Acc: 0.9525
[HfO2_Physics | Seed 1] Epoch 21/30 - Acc: 0.9544
[HfO2_Physics | Seed 1] Epoch 22/30 - Acc: 0.9546
[HfO2_Physics | Seed 1] Epoch 23/30 - Acc: 0.9531
[HfO2_Physics | Seed 1] Epoch 24/30 - Acc: 0.9571
[HfO2_Physics | Seed 1] Epoch 25/30 - Acc: 0.9541
[HfO2_Physics | Seed 1] Epoch 26/30 - Acc: 0.9569
[HfO2_Physics | Seed 1] Epoch 27/30 - Acc: 0.9569
[HfO2_Physics | Seed 1] Epoch 28/30 - Acc: 0.9574
[HfO2_Physics | Seed 1] Epoch 29/30 - Acc: 0.9563
[HfO2_Physics | Seed 1] Epoch 30/30 - Acc: 0.9594
[HfO2_Physics | Seed 2] Epoch 1/30 - Acc: 0.7601
[HfO2_Physics | Seed 2] Epoch 2/30 - Acc: 0.8060
[HfO2_Physics | Seed 2] Epoch 3/30 - Acc: 0.8193
[HfO2_Physics | Seed 2] Epoch 4/30 - Acc: 0.8311
[HfO2_Physics | Seed 2] Epoch 5/30 - Acc: 0.8372
[HfO2_Physics | Seed 2] Epoch 6/30 - Acc: 0.8399
[HfO2_Physics | Seed 2] Epoch 7/30 - Acc: 0.9264
[HfO2_Physics | Seed 2] Epoch 8/30 - Acc: 0.9337
[HfO2_Physics | Seed 2] Epoch 9/30 - Acc: 0.9380
[HfO2_Physics | Seed 2] Epoch 10/30 - Acc: 0.9413
[HfO2_Physics | Seed 2] Epoch 11/30 - Acc: 0.9443
[HfO2_Physics | Seed 2] Epoch 12/30 - Acc: 0.9441
[HfO2_Physics | Seed 2] Epoch 13/30 - Acc: 0.9465
[HfO2_Physics | Seed 2] Epoch 14/30 - Acc: 0.9491
[HfO2_Physics | Seed 2] Epoch 15/30 - Acc: 0.9500
[HfO2_Physics | Seed 2] Epoch 16/30 - Acc: 0.9527
[HfO2_Physics | Seed 2] Epoch 17/30 - Acc: 0.9521
[HfO2_Physics | Seed 2] Epoch 18/30 - Acc: 0.9530
[HfO2_Physics | Seed 2] Epoch 19/30 - Acc: 0.9552
[HfO2_Physics | Seed 2] Epoch 20/30 - Acc: 0.9522
[HfO2_Physics | Seed 2] Epoch 21/30 - Acc: 0.9547
[HfO2_Physics | Seed 2] Epoch 22/30 - Acc: 0.9557
[HfO2_Physics | Seed 2] Epoch 23/30 - Acc: 0.9575
[HfO2_Physics | Seed 2] Epoch 24/30 - Acc: 0.9568
[HfO2_Physics | Seed 2] Epoch 25/30 - Acc: 0.9562
[HfO2_Physics | Seed 2] Epoch 26/30 - Acc: 0.9569
[HfO2_Physics | Seed 2] Epoch 27/30 - Acc: 0.9579
[HfO2_Physics | Seed 2] Epoch 28/30 - Acc: 0.9573
[HfO2_Physics | Seed 2] Epoch 29/30 - Acc: 0.9582
[HfO2_Physics | Seed 2] Epoch 30/30 - Acc: 0.9587
[HfO2_Physics | Seed 3] Epoch 1/30 - Acc: 0.7741
[HfO2_Physics | Seed 3] Epoch 2/30 - Acc: 0.8110
[HfO2_Physics | Seed 3] Epoch 3/30 - Acc: 0.8224
[HfO2_Physics | Seed 3] Epoch 4/30 - Acc: 0.8330
[HfO2_Physics | Seed 3] Epoch 5/30 - Acc: 0.8378
[HfO2_Physics | Seed 3] Epoch 6/30 - Acc: 0.8410
[HfO2_Physics | Seed 3] Epoch 7/30 - Acc: 0.8466
[HfO2_Physics | Seed 3] Epoch 8/30 - Acc: 0.8477
[HfO2_Physics | Seed 3] Epoch 9/30 - Acc: 0.8511
[HfO2_Physics | Seed 3] Epoch 10/30 - Acc: 0.8506
[HfO2_Physics | Seed 3] Epoch 11/30 - Acc: 0.8545
[HfO2_Physics | Seed 3] Epoch 12/30 - Acc: 0.8558
[HfO2_Physics | Seed 3] Epoch 13/30 - Acc: 0.8572
[HfO2_Physics | Seed 3] Epoch 14/30 - Acc: 0.8593
[HfO2_Physics | Seed 3] Epoch 15/30 - Acc: 0.8580
[HfO2_Physics | Seed 3] Epoch 16/30 - Acc: 0.8592
[HfO2_Physics | Seed 3] Epoch 17/30 - Acc: 0.8600
[HfO2_Physics | Seed 3] Epoch 18/30 - Acc: 0.9418
[HfO2_Physics | Seed 3] Epoch 19/30 - Acc: 0.9494
[HfO2_Physics | Seed 3] Epoch 20/30 - Acc: 0.9494
[HfO2_Physics | Seed 3] Epoch 21/30 - Acc: 0.9512
[HfO2_Physics | Seed 3] Epoch 22/30 - Acc: 0.9524
[HfO2_Physics | Seed 3] Epoch 23/30 - Acc: 0.9523
[HfO2_Physics | Seed 3] Epoch 24/30 - Acc: 0.9537
[HfO2_Physics | Seed 3] Epoch 25/30 - Acc: 0.9564
[HfO2_Physics | Seed 3] Epoch 26/30 - Acc: 0.9547
[HfO2_Physics | Seed 3] Epoch 27/30 - Acc: 0.9550
[HfO2_Physics | Seed 3] Epoch 28/30 - Acc: 0.9555
[HfO2_Physics | Seed 3] Epoch 29/30 - Acc: 0.9565
[HfO2_Physics | Seed 3] Epoch 30/30 - Acc: 0.9553
[HfO2_Physics | Seed 4] Epoch 1/30 - Acc: 0.8230
[HfO2_Physics | Seed 4] Epoch 2/30 - Acc: 0.8799
[HfO2_Physics | Seed 4] Epoch 3/30 - Acc: 0.8996
[HfO2_Physics | Seed 4] Epoch 4/30 - Acc: 0.9123
[HfO2_Physics | Seed 4] Epoch 5/30 - Acc: 0.9209
[HfO2_Physics | Seed 4] Epoch 6/30 - Acc: 0.9260
[HfO2_Physics | Seed 4] Epoch 7/30 - Acc: 0.9316
[HfO2_Physics | Seed 4] Epoch 8/30 - Acc: 0.9351
[HfO2_Physics | Seed 4] Epoch 9/30 - Acc: 0.9394
[HfO2_Physics | Seed 4] Epoch 10/30 - Acc: 0.9396
[HfO2_Physics | Seed 4] Epoch 11/30 - Acc: 0.9426
[HfO2_Physics | Seed 4] Epoch 12/30 - Acc: 0.9450
[HfO2_Physics | Seed 4] Epoch 13/30 - Acc: 0.9445
[HfO2_Physics | Seed 4] Epoch 14/30 - Acc: 0.9453
[HfO2_Physics | Seed 4] Epoch 15/30 - Acc: 0.9489
[HfO2_Physics | Seed 4] Epoch 16/30 - Acc: 0.9482
[HfO2_Physics | Seed 4] Epoch 17/30 - Acc: 0.9512
[HfO2_Physics | Seed 4] Epoch 18/30 - Acc: 0.9511
[HfO2_Physics | Seed 4] Epoch 19/30 - Acc: 0.9514
[HfO2_Physics | Seed 4] Epoch 20/30 - Acc: 0.9535
[HfO2_Physics | Seed 4] Epoch 21/30 - Acc: 0.9539
[HfO2_Physics | Seed 4] Epoch 22/30 - Acc: 0.9535
[HfO2_Physics | Seed 4] Epoch 23/30 - Acc: 0.9550
[HfO2_Physics | Seed 4] Epoch 24/30 - Acc: 0.9563
[HfO2_Physics | Seed 4] Epoch 25/30 - Acc: 0.9567
[HfO2_Physics | Seed 4] Epoch 26/30 - Acc: 0.9565
[HfO2_Physics | Seed 4] Epoch 27/30 - Acc: 0.9560
[HfO2_Physics | Seed 4] Epoch 28/30 - Acc: 0.9569
[HfO2_Physics | Seed 4] Epoch 29/30 - Acc: 0.9577
[HfO2_Physics | Seed 4] Epoch 30/30 - Acc: 0.9561
[Noise_Aware | Seed 0] Epoch 1/30 - Acc: 0.8327
[Noise_Aware | Seed 0] Epoch 2/30 - Acc: 0.8907
[Noise_Aware | Seed 0] Epoch 3/30 - Acc: 0.9045
[Noise_Aware | Seed 0] Epoch 4/30 - Acc: 0.9146
[Noise_Aware | Seed 0] Epoch 5/30 - Acc: 0.9228
[Noise_Aware | Seed 0] Epoch 6/30 - Acc: 0.9261
[Noise_Aware | Seed 0] Epoch 7/30 - Acc: 0.9301
[Noise_Aware | Seed 0] Epoch 8/30 - Acc: 0.9350
[Noise_Aware | Seed 0] Epoch 9/30 - Acc: 0.9369
[Noise_Aware | Seed 0] Epoch 10/30 - Acc: 0.9407
[Noise_Aware | Seed 0] Epoch 11/30 - Acc: 0.9449
[Noise_Aware | Seed 0] Epoch 12/30 - Acc: 0.9451
[Noise_Aware | Seed 0] Epoch 13/30 - Acc: 0.9443
[Noise_Aware | Seed 0] Epoch 14/30 - Acc: 0.9469
[Noise_Aware | Seed 0] Epoch 15/30 - Acc: 0.9481
[Noise_Aware | Seed 0] Epoch 16/30 - Acc: 0.9470
[Noise_Aware | Seed 0] Epoch 17/30 - Acc: 0.9505
[Noise_Aware | Seed 0] Epoch 18/30 - Acc: 0.9503
[Noise_Aware | Seed 0] Epoch 19/30 - Acc: 0.9499
[Noise_Aware | Seed 0] Epoch 20/30 - Acc: 0.9517
[Noise_Aware | Seed 0] Epoch 21/30 - Acc: 0.9510
[Noise_Aware | Seed 0] Epoch 22/30 - Acc: 0.9531
[Noise_Aware | Seed 0] Epoch 23/30 - Acc: 0.9547
[Noise_Aware | Seed 0] Epoch 24/30 - Acc: 0.9536
[Noise_Aware | Seed 0] Epoch 25/30 - Acc: 0.9541
[Noise_Aware | Seed 0] Epoch 26/30 - Acc: 0.9555
[Noise_Aware | Seed 0] Epoch 27/30 - Acc: 0.9561
[Noise_Aware | Seed 0] Epoch 28/30 - Acc: 0.9567
[Noise_Aware | Seed 0] Epoch 29/30 - Acc: 0.9557
[Noise_Aware | Seed 0] Epoch 30/30 - Acc: 0.9580
[Noise_Aware | Seed 1] Epoch 1/30 - Acc: 0.8368
[Noise_Aware | Seed 1] Epoch 2/30 - Acc: 0.8915
[Noise_Aware | Seed 1] Epoch 3/30 - Acc: 0.9097
[Noise_Aware | Seed 1] Epoch 4/30 - Acc: 0.9167
[Noise_Aware | Seed 1] Epoch 5/30 - Acc: 0.9250
[Noise_Aware | Seed 1] Epoch 6/30 - Acc: 0.9278
[Noise_Aware | Seed 1] Epoch 7/30 - Acc: 0.9320
[Noise_Aware | Seed 1] Epoch 8/30 - Acc: 0.9357
[Noise_Aware | Seed 1] Epoch 9/30 - Acc: 0.9388
[Noise_Aware | Seed 1] Epoch 10/30 - Acc: 0.9418
[Noise_Aware | Seed 1] Epoch 11/30 - Acc: 0.9442
[Noise_Aware | Seed 1] Epoch 12/30 - Acc: 0.9463
[Noise_Aware | Seed 1] Epoch 13/30 - Acc: 0.9453
[Noise_Aware | Seed 1] Epoch 14/30 - Acc: 0.9475
[Noise_Aware | Seed 1] Epoch 15/30 - Acc: 0.9500
[Noise_Aware | Seed 1] Epoch 16/30 - Acc: 0.9486
[Noise_Aware | Seed 1] Epoch 17/30 - Acc: 0.9498
[Noise_Aware | Seed 1] Epoch 18/30 - Acc: 0.9520
[Noise_Aware | Seed 1] Epoch 19/30 - Acc: 0.9518
[Noise_Aware | Seed 1] Epoch 20/30 - Acc: 0.9538
[Noise_Aware | Seed 1] Epoch 21/30 - Acc: 0.9543
[Noise_Aware | Seed 1] Epoch 22/30 - Acc: 0.9562
[Noise_Aware | Seed 1] Epoch 23/30 - Acc: 0.9541
[Noise_Aware | Seed 1] Epoch 24/30 - Acc: 0.9556
[Noise_Aware | Seed 1] Epoch 25/30 - Acc: 0.9539
[Noise_Aware | Seed 1] Epoch 26/30 - Acc: 0.9555
[Noise_Aware | Seed 1] Epoch 27/30 - Acc: 0.9572
[Noise_Aware | Seed 1] Epoch 28/30 - Acc: 0.9578
[Noise_Aware | Seed 1] Epoch 29/30 - Acc: 0.9572
[Noise_Aware | Seed 1] Epoch 30/30 - Acc: 0.9595
[Noise_Aware | Seed 2] Epoch 1/30 - Acc: 0.7589
[Noise_Aware | Seed 2] Epoch 2/30 - Acc: 0.8037
[Noise_Aware | Seed 2] Epoch 3/30 - Acc: 0.8195
[Noise_Aware | Seed 2] Epoch 4/30 - Acc: 0.8301
[Noise_Aware | Seed 2] Epoch 5/30 - Acc: 0.8347
[Noise_Aware | Seed 2] Epoch 6/30 - Acc: 0.8401
[Noise_Aware | Seed 2] Epoch 7/30 - Acc: 0.8418
[Noise_Aware | Seed 2] Epoch 8/30 - Acc: 0.9302
[Noise_Aware | Seed 2] Epoch 9/30 - Acc: 0.9372
[Noise_Aware | Seed 2] Epoch 10/30 - Acc: 0.9411
[Noise_Aware | Seed 2] Epoch 11/30 - Acc: 0.9449
[Noise_Aware | Seed 2] Epoch 12/30 - Acc: 0.9428
[Noise_Aware | Seed 2] Epoch 13/30 - Acc: 0.9482
[Noise_Aware | Seed 2] Epoch 14/30 - Acc: 0.9492
[Noise_Aware | Seed 2] Epoch 15/30 - Acc: 0.9504
[Noise_Aware | Seed 2] Epoch 16/30 - Acc: 0.9530
[Noise_Aware | Seed 2] Epoch 17/30 - Acc: 0.9535
[Noise_Aware | Seed 2] Epoch 18/30 - Acc: 0.9533
[Noise_Aware | Seed 2] Epoch 19/30 - Acc: 0.9529
[Noise_Aware | Seed 2] Epoch 20/30 - Acc: 0.9548
[Noise_Aware | Seed 2] Epoch 21/30 - Acc: 0.9563
[Noise_Aware | Seed 2] Epoch 22/30 - Acc: 0.9579
[Noise_Aware | Seed 2] Epoch 23/30 - Acc: 0.9562
[Noise_Aware | Seed 2] Epoch 24/30 - Acc: 0.9565
[Noise_Aware | Seed 2] Epoch 25/30 - Acc: 0.9569
[Noise_Aware | Seed 2] Epoch 26/30 - Acc: 0.9556
[Noise_Aware | Seed 2] Epoch 27/30 - Acc: 0.9566
[Noise_Aware | Seed 2] Epoch 28/30 - Acc: 0.9584
[Noise_Aware | Seed 2] Epoch 29/30 - Acc: 0.9565
[Noise_Aware | Seed 2] Epoch 30/30 - Acc: 0.9584
[Noise_Aware | Seed 3] Epoch 1/30 - Acc: 0.7724
[Noise_Aware | Seed 3] Epoch 2/30 - Acc: 0.8135
[Noise_Aware | Seed 3] Epoch 3/30 - Acc: 0.8240
[Noise_Aware | Seed 3] Epoch 4/30 - Acc: 0.8343
[Noise_Aware | Seed 3] Epoch 5/30 - Acc: 0.8388
[Noise_Aware | Seed 3] Epoch 6/30 - Acc: 0.8435
[Noise_Aware | Seed 3] Epoch 7/30 - Acc: 0.8477
[Noise_Aware | Seed 3] Epoch 8/30 - Acc: 0.8504
[Noise_Aware | Seed 3] Epoch 9/30 - Acc: 0.8522
[Noise_Aware | Seed 3] Epoch 10/30 - Acc: 0.8530
[Noise_Aware | Seed 3] Epoch 11/30 - Acc: 0.8561
[Noise_Aware | Seed 3] Epoch 12/30 - Acc: 0.8566
[Noise_Aware | Seed 3] Epoch 13/30 - Acc: 0.8567
[Noise_Aware | Seed 3] Epoch 14/30 - Acc: 0.8602
[Noise_Aware | Seed 3] Epoch 15/30 - Acc: 0.9423
[Noise_Aware | Seed 3] Epoch 16/30 - Acc: 0.9470
[Noise_Aware | Seed 3] Epoch 17/30 - Acc: 0.9507
[Noise_Aware | Seed 3] Epoch 18/30 - Acc: 0.9487
[Noise_Aware | Seed 3] Epoch 19/30 - Acc: 0.9511
[Noise_Aware | Seed 3] Epoch 20/30 - Acc: 0.9528
[Noise_Aware | Seed 3] Epoch 21/30 - Acc: 0.9541
[Noise_Aware | Seed 3] Epoch 22/30 - Acc: 0.9532
[Noise_Aware | Seed 3] Epoch 23/30 - Acc: 0.9547
[Noise_Aware | Seed 3] Epoch 24/30 - Acc: 0.9545
[Noise_Aware | Seed 3] Epoch 25/30 - Acc: 0.9551
[Noise_Aware | Seed 3] Epoch 26/30 - Acc: 0.9560
[Noise_Aware | Seed 3] Epoch 27/30 - Acc: 0.9545
[Noise_Aware | Seed 3] Epoch 28/30 - Acc: 0.9568
[Noise_Aware | Seed 3] Epoch 29/30 - Acc: 0.9562
[Noise_Aware | Seed 3] Epoch 30/30 - Acc: 0.9585
[Noise_Aware | Seed 4] Epoch 1/30 - Acc: 0.8243
[Noise_Aware | Seed 4] Epoch 2/30 - Acc: 0.8835
[Noise_Aware | Seed 4] Epoch 3/30 - Acc: 0.9008
[Noise_Aware | Seed 4] Epoch 4/30 - Acc: 0.9161
[Noise_Aware | Seed 4] Epoch 5/30 - Acc: 0.9206
[Noise_Aware | Seed 4] Epoch 6/30 - Acc: 0.9266
[Noise_Aware | Seed 4] Epoch 7/30 - Acc: 0.9309
[Noise_Aware | Seed 4] Epoch 8/30 - Acc: 0.9355
[Noise_Aware | Seed 4] Epoch 9/30 - Acc: 0.9374
[Noise_Aware | Seed 4] Epoch 10/30 - Acc: 0.9416
[Noise_Aware | Seed 4] Epoch 11/30 - Acc: 0.9446
[Noise_Aware | Seed 4] Epoch 12/30 - Acc: 0.9477
[Noise_Aware | Seed 4] Epoch 13/30 - Acc: 0.9442
[Noise_Aware | Seed 4] Epoch 14/30 - Acc: 0.9465
[Noise_Aware | Seed 4] Epoch 15/30 - Acc: 0.9495
[Noise_Aware | Seed 4] Epoch 16/30 - Acc: 0.9503
[Noise_Aware | Seed 4] Epoch 17/30 - Acc: 0.9510
[Noise_Aware | Seed 4] Epoch 18/30 - Acc: 0.9512
[Noise_Aware | Seed 4] Epoch 19/30 - Acc: 0.9538
[Noise_Aware | Seed 4] Epoch 20/30 - Acc: 0.9549
[Noise_Aware | Seed 4] Epoch 21/30 - Acc: 0.9538
[Noise_Aware | Seed 4] Epoch 22/30 - Acc: 0.9537
[Noise_Aware | Seed 4] Epoch 23/30 - Acc: 0.9563
[Noise_Aware | Seed 4] Epoch 24/30 - Acc: 0.9566
[Noise_Aware | Seed 4] Epoch 25/30 - Acc: 0.9581
[Noise_Aware | Seed 4] Epoch 26/30 - Acc: 0.9562
[Noise_Aware | Seed 4] Epoch 27/30 - Acc: 0.9580
[Noise_Aware | Seed 4] Epoch 28/30 - Acc: 0.9577
[Noise_Aware | Seed 4] Epoch 29/30 - Acc: 0.9585
[Noise_Aware | Seed 4] Epoch 30/30 - Acc: 0.9592
